<?xml version="1.0" encoding="utf-8" standalone="no"?>
<test-run id="2" testcasecount="72" result="Failed" total="26" passed="14" failed="12" inconclusive="0" skipped="0" asserts="4" engine-version="3.8.0.0" clr-version="4.0.30319.42000" start-time="2018-09-11 11:19:12Z" end-time="2018-09-11 11:36:06Z" duration="1013.929320">
  <command-line><![CDATA["C:\GitCBSPostgress\cti-pbs\DEV\NET4\SeleniumAutomation\CBSAutomation\CBSAutomation\Nunit\nunit3-console.exe"  C:\GitCBSPostgress\cti-pbs\DEV\NET4\SeleniumAutomation\CBSAutomation\CBSAutomation\bin\Debug\CBSAutomation.dll --where namespace==CBSAutomation.TestScripts.Smoke_Test_Scripts --labels=off --work=C:\GitCBSPostgress\cti-pbs\DEV\NET4\SeleniumAutomation\CBSAutomation\xmlTestResults --result=Project.SmokeCases.Test.xml;format=nunit3]]></command-line>
  <filter>
    <namespace>CBSAutomation.TestScripts.Smoke_Test_Scripts</namespace>
  </filter>
  <test-suite type="Assembly" id="0-1097" name="CBSAutomation.dll" fullname="C:\GitCBSPostgress\cti-pbs\DEV\NET4\SeleniumAutomation\CBSAutomation\CBSAutomation\bin\Debug\CBSAutomation.dll" runstate="Runnable" testcasecount="72" result="Failed" site="Child" start-time="2018-09-11 11:19:13Z" end-time="2018-09-11 11:36:06Z" duration="1013.219089" total="26" passed="14" failed="12" warnings="0" inconclusive="0" skipped="0" asserts="4">
    <environment framework-version="3.10.1.0" clr-version="4.0.30319.42000" os-version="Microsoft Windows NT 6.3.9600" platform="Win32NT" cwd="C:\Users\Administrator\.jenkins\workspace\CBS_SmokeTestSenarios_Porgress" machine-name="CRS1-BAWCTI05" user="Administrator" user-domain="CRS1-BAWCTI05" culture="en-US" uiculture="en-US" os-architecture="x64" />
    <settings>
      <setting name="DisposeRunners" value="True" />
      <setting name="WorkDirectory" value="C:\GitCBSPostgress\cti-pbs\DEV\NET4\SeleniumAutomation\CBSAutomation\xmlTestResults" />
      <setting name="ImageRuntimeVersion" value="4.0.30319" />
      <setting name="ImageTargetFrameworkName" value=".NETFramework,Version=v4.5.2" />
      <setting name="ImageRequiresX86" value="False" />
      <setting name="ImageRequiresDefaultAppDomainAssemblyResolver" value="False" />
      <setting name="NumberOfTestWorkers" value="4" />
    </settings>
    <properties>
      <property name="_PID" value="6468" />
      <property name="_APPDOMAIN" value="domain-" />
    </properties>
    <failure>
      <message><![CDATA[One or more child tests had errors]]></message>
    </failure>
    <test-suite type="TestSuite" id="0-1098" name="CBSAutomation" fullname="CBSAutomation" runstate="Runnable" testcasecount="72" result="Failed" site="Child" start-time="2018-09-11 11:19:13Z" end-time="2018-09-11 11:36:06Z" duration="1013.192210" total="26" passed="14" failed="12" warnings="0" inconclusive="0" skipped="0" asserts="4">
      <failure>
        <message><![CDATA[One or more child tests had errors]]></message>
      </failure>
      <test-suite type="TestSuite" id="0-1099" name="TestScripts" fullname="CBSAutomation.TestScripts" runstate="Runnable" testcasecount="72" result="Failed" site="Child" start-time="2018-09-11 11:19:13Z" end-time="2018-09-11 11:36:06Z" duration="1013.191698" total="26" passed="14" failed="12" warnings="0" inconclusive="0" skipped="0" asserts="4">
        <failure>
          <message><![CDATA[One or more child tests had errors]]></message>
        </failure>
        <test-suite type="TestSuite" id="0-1101" name="Smoke_Test_Scripts" fullname="CBSAutomation.TestScripts.Smoke_Test_Scripts" runstate="Runnable" testcasecount="26" result="Failed" site="Child" start-time="2018-09-11 11:19:13Z" end-time="2018-09-11 11:36:06Z" duration="1013.191671" total="26" passed="14" failed="12" warnings="0" inconclusive="0" skipped="0" asserts="4">
          <failure>
            <message><![CDATA[One or more child tests had errors]]></message>
          </failure>
          <test-suite type="TestFixture" id="0-1019" name="CreateCustomer" fullname="CBSAutomation.TestScripts.Smoke_Test_Scripts.CreateCustomer" classname="CBSAutomation.TestScripts.Smoke_Test_Scripts.CreateCustomer" runstate="Runnable" testcasecount="1" result="Passed" start-time="2018-09-11 11:19:13Z" end-time="2018-09-11 11:20:11Z" duration="58.662647" total="1" passed="1" failed="0" warnings="0" inconclusive="0" skipped="0" asserts="0">
            <properties>
              <property name="Order" value="1" />
            </properties>
            <test-case id="0-1020" name="CreateCustomerTest1" fullname="CBSAutomation.TestScripts.Smoke_Test_Scripts.CreateCustomer.CreateCustomerTest1" methodname="CreateCustomerTest1" classname="CBSAutomation.TestScripts.Smoke_Test_Scripts.CreateCustomer" runstate="Runnable" seed="2052050501" result="Passed" start-time="2018-09-11 11:19:22Z" end-time="2018-09-11 11:20:02Z" duration="39.184572" asserts="0" />
          </test-suite>
          <test-suite type="TestFixture" id="0-1015" name="CreateMaterial" fullname="CBSAutomation.TestScripts.Smoke_Test_Scripts.CreateMaterial" classname="CBSAutomation.TestScripts.Smoke_Test_Scripts.CreateMaterial" runstate="Runnable" testcasecount="3" result="Passed" start-time="2018-09-11 11:20:11Z" end-time="2018-09-11 11:21:13Z" duration="62.049386" total="3" passed="3" failed="0" warnings="0" inconclusive="0" skipped="0" asserts="0">
            <properties>
              <property name="Order" value="2" />
            </properties>
            <test-case id="0-1016" name="CreateAInkColourMaterialTest1" fullname="CBSAutomation.TestScripts.Smoke_Test_Scripts.CreateMaterial.CreateAInkColourMaterialTest1" methodname="CreateAInkColourMaterialTest1" classname="CBSAutomation.TestScripts.Smoke_Test_Scripts.CreateMaterial" runstate="Runnable" seed="1915068596" result="Passed" start-time="2018-09-11 11:20:19Z" end-time="2018-09-11 11:20:34Z" duration="15.570864" asserts="0" />
            <test-case id="0-1017" name="CreateBCoatingColourMaterialTest2" fullname="CBSAutomation.TestScripts.Smoke_Test_Scripts.CreateMaterial.CreateBCoatingColourMaterialTest2" methodname="CreateBCoatingColourMaterialTest2" classname="CBSAutomation.TestScripts.Smoke_Test_Scripts.CreateMaterial" runstate="Runnable" seed="445248343" result="Passed" start-time="2018-09-11 11:20:34Z" end-time="2018-09-11 11:20:50Z" duration="15.597337" asserts="0" />
            <test-case id="0-1018" name="CreateCGlueColourMaterialTest3" fullname="CBSAutomation.TestScripts.Smoke_Test_Scripts.CreateMaterial.CreateCGlueColourMaterialTest3" methodname="CreateCGlueColourMaterialTest3" classname="CBSAutomation.TestScripts.Smoke_Test_Scripts.CreateMaterial" runstate="Runnable" seed="1075364092" result="Passed" start-time="2018-09-11 11:20:50Z" end-time="2018-09-11 11:21:05Z" duration="15.302331" asserts="0" />
          </test-suite>
          <test-suite type="TestFixture" id="0-1031" name="ToolCreation" fullname="CBSAutomation.TestScripts.Smoke_Test_Scripts.ToolCreation" classname="CBSAutomation.TestScripts.Smoke_Test_Scripts.ToolCreation" runstate="Runnable" testcasecount="6" result="Passed" start-time="2018-09-11 11:21:14Z" end-time="2018-09-11 11:23:03Z" duration="109.793898" total="6" passed="6" failed="0" warnings="0" inconclusive="0" skipped="0" asserts="2">
            <properties>
              <property name="Order" value="3" />
            </properties>
            <test-case id="0-1032" name="CreateToolAndApproveTest1" fullname="CBSAutomation.TestScripts.Smoke_Test_Scripts.ToolCreation.CreateToolAndApproveTest1" methodname="CreateToolAndApproveTest1" classname="CBSAutomation.TestScripts.Smoke_Test_Scripts.ToolCreation" runstate="Runnable" seed="657370152" result="Passed" start-time="2018-09-11 11:21:22Z" end-time="2018-09-11 11:21:38Z" duration="16.453991" asserts="0" />
            <test-case id="0-1033" name="CreateToolAndApproveTest2" fullname="CBSAutomation.TestScripts.Smoke_Test_Scripts.ToolCreation.CreateToolAndApproveTest2" methodname="CreateToolAndApproveTest2" classname="CBSAutomation.TestScripts.Smoke_Test_Scripts.ToolCreation" runstate="Runnable" seed="1757686856" result="Passed" start-time="2018-09-11 11:21:38Z" end-time="2018-09-11 11:21:49Z" duration="10.419519" asserts="0" />
            <test-case id="0-1034" name="CreateToolAndApproveTest3" fullname="CBSAutomation.TestScripts.Smoke_Test_Scripts.ToolCreation.CreateToolAndApproveTest3" methodname="CreateToolAndApproveTest3" classname="CBSAutomation.TestScripts.Smoke_Test_Scripts.ToolCreation" runstate="Runnable" seed="430219296" result="Passed" start-time="2018-09-11 11:21:49Z" end-time="2018-09-11 11:22:04Z" duration="15.071896" asserts="0" />
            <test-case id="0-1035" name="CreateToolAndApproveTest4" fullname="CBSAutomation.TestScripts.Smoke_Test_Scripts.ToolCreation.CreateToolAndApproveTest4" methodname="CreateToolAndApproveTest4" classname="CBSAutomation.TestScripts.Smoke_Test_Scripts.ToolCreation" runstate="Runnable" seed="415498237" result="Passed" start-time="2018-09-11 11:22:04Z" end-time="2018-09-11 11:22:15Z" duration="11.228440" asserts="0" />
            <test-case id="0-1036" name="CreateToolAndApproveTest5" fullname="CBSAutomation.TestScripts.Smoke_Test_Scripts.ToolCreation.CreateToolAndApproveTest5" methodname="CreateToolAndApproveTest5" classname="CBSAutomation.TestScripts.Smoke_Test_Scripts.ToolCreation" runstate="Runnable" seed="1438650986" result="Passed" start-time="2018-09-11 11:22:15Z" end-time="2018-09-11 11:22:34Z" duration="18.671611" asserts="1" />
            <test-case id="0-1037" name="CreateToolAndApproveTest6" fullname="CBSAutomation.TestScripts.Smoke_Test_Scripts.ToolCreation.CreateToolAndApproveTest6" methodname="CreateToolAndApproveTest6" classname="CBSAutomation.TestScripts.Smoke_Test_Scripts.ToolCreation" runstate="Runnable" seed="1643516913" result="Passed" start-time="2018-09-11 11:22:34Z" end-time="2018-09-11 11:22:55Z" duration="21.459124" asserts="1" />
          </test-suite>
          <test-suite type="TestFixture" id="0-1002" name="CreateDieCutSpecs" fullname="CBSAutomation.TestScripts.Smoke_Test_Scripts.CreateDieCutSpecs" classname="CBSAutomation.TestScripts.Smoke_Test_Scripts.CreateDieCutSpecs" runstate="Runnable" testcasecount="3" result="Passed" start-time="2018-09-11 11:23:03Z" end-time="2018-09-11 11:25:32Z" duration="148.183795" total="3" passed="3" failed="0" warnings="0" inconclusive="0" skipped="0" asserts="1">
            <properties>
              <property name="Order" value="4" />
            </properties>
            <test-case id="0-1003" name="CreateProductSpecDieCutTest1" fullname="CBSAutomation.TestScripts.Smoke_Test_Scripts.CreateDieCutSpecs.CreateProductSpecDieCutTest1" methodname="CreateProductSpecDieCutTest1" classname="CBSAutomation.TestScripts.Smoke_Test_Scripts.CreateDieCutSpecs" runstate="Runnable" seed="647930115" result="Passed" start-time="2018-09-11 11:23:11Z" end-time="2018-09-11 11:23:26Z" duration="15.338668" asserts="0" />
            <test-case id="0-1004" name="CreateProductSpecDieCutTest2" fullname="CBSAutomation.TestScripts.Smoke_Test_Scripts.CreateDieCutSpecs.CreateProductSpecDieCutTest2" methodname="CreateProductSpecDieCutTest2" classname="CBSAutomation.TestScripts.Smoke_Test_Scripts.CreateDieCutSpecs" runstate="Runnable" seed="1028586227" result="Passed" start-time="2018-09-11 11:23:26Z" end-time="2018-09-11 11:24:36Z" duration="69.421008" asserts="1" />
            <test-case id="0-1005" name="CreateProductSpecDieCutTest3" fullname="CBSAutomation.TestScripts.Smoke_Test_Scripts.CreateDieCutSpecs.CreateProductSpecDieCutTest3" methodname="CreateProductSpecDieCutTest3" classname="CBSAutomation.TestScripts.Smoke_Test_Scripts.CreateDieCutSpecs" runstate="Runnable" seed="985633654" result="Passed" start-time="2018-09-11 11:24:36Z" end-time="2018-09-11 11:25:23Z" duration="47.309607" asserts="0" />
          </test-suite>
          <test-suite type="TestFixture" id="0-1011" name="CreateSpecification" fullname="CBSAutomation.TestScripts.Smoke_Test_Scripts.CreateSpecification" classname="CBSAutomation.TestScripts.Smoke_Test_Scripts.CreateSpecification" runstate="Runnable" testcasecount="3" result="Failed" site="Child" start-time="2018-09-11 11:25:32Z" end-time="2018-09-11 11:34:23Z" duration="531.426030" total="3" passed="1" failed="2" warnings="0" inconclusive="0" skipped="0" asserts="1">
            <properties>
              <property name="Order" value="5" />
            </properties>
            <failure>
              <message><![CDATA[One or more child tests had errors]]></message>
            </failure>
            <test-case id="0-1012" name="CreateProductRSCSpecTest1" fullname="CBSAutomation.TestScripts.Smoke_Test_Scripts.CreateSpecification.CreateProductRSCSpecTest1" methodname="CreateProductRSCSpecTest1" classname="CBSAutomation.TestScripts.Smoke_Test_Scripts.CreateSpecification" runstate="Runnable" seed="627295262" result="Passed" start-time="2018-09-11 11:25:40Z" end-time="2018-09-11 11:25:53Z" duration="13.111966" asserts="0" />
            <test-case id="0-1013" name="CreateProductRSCSpecTest2" fullname="CBSAutomation.TestScripts.Smoke_Test_Scripts.CreateSpecification.CreateProductRSCSpecTest2" methodname="CreateProductRSCSpecTest2" classname="CBSAutomation.TestScripts.Smoke_Test_Scripts.CreateSpecification" runstate="Runnable" seed="1702723575" result="Failed" label="Error" start-time="2018-09-11 11:25:53Z" end-time="2018-09-11 11:33:44Z" duration="470.963510" asserts="1">
              <failure>
                <message><![CDATA[OpenQA.Selenium.StaleElementReferenceException : stale element reference: element is not attached to the page document
  (Session info: chrome=69.0.3497.81)
  (Driver info: chromedriver=2.41.578737 (49da6702b16031c40d63e5618de03a32ff6c197e),platform=Windows NT 6.3.9600 x86_64)]]></message>
                <stack-trace><![CDATA[   at OpenQA.Selenium.Remote.RemoteWebDriver.UnpackAndThrowOnError(Response errorResponse)
   at OpenQA.Selenium.Remote.RemoteWebDriver.Execute(String driverCommandToExecute, Dictionary`2 parameters)
   at OpenQA.Selenium.Remote.RemoteWebElement.Execute(String commandToExecute, Dictionary`2 parameters)
   at OpenQA.Selenium.Remote.RemoteWebElement.FindElements(String mechanism, String value)
   at CBSAutomation.Pages.SpecificationPage.CreateProductBusinessSpecificationNext(IWebDriver driver, ExtentTest test) in E:\GitCBS\cti-pbs\DEV\NET4\SeleniumAutomation\CBSAutomation\CBSAutomation\Pages\SpecificationPage.cs:line 254
   at CBSAutomation.TestScripts.Smoke_Test_Scripts.CreateSpecification.CreateProductRSCSpecTest2() in E:\GitCBS\cti-pbs\DEV\NET4\SeleniumAutomation\CBSAutomation\CBSAutomation\TestScripts\Smoke Test Scripts\CreateSpecification.cs:line 80]]></stack-trace>
              </failure>
            </test-case>
            <test-case id="0-1014" name="CreateProductRSCSpecTest3" fullname="CBSAutomation.TestScripts.Smoke_Test_Scripts.CreateSpecification.CreateProductRSCSpecTest3" methodname="CreateProductRSCSpecTest3" classname="CBSAutomation.TestScripts.Smoke_Test_Scripts.CreateSpecification" runstate="Runnable" seed="969746868" result="Failed" label="Error" start-time="2018-09-11 11:33:44Z" end-time="2018-09-11 11:34:23Z" duration="39.290345" asserts="0">
              <failure>
                <message><![CDATA[System.NullReferenceException : Object reference not set to an instance of an object.]]></message>
                <stack-trace><![CDATA[   at CBSAutomation.Pages.SpecificationPage.CreateBusinessSpecificationReset(IWebDriver driver, ExtentTest test, String CostModel, String Qty, String Unitization) in E:\GitCBS\cti-pbs\DEV\NET4\SeleniumAutomation\CBSAutomation\CBSAutomation\Pages\SpecificationPage.cs:line 306
   at CBSAutomation.TestScripts.Smoke_Test_Scripts.CreateSpecification.CreateProductRSCSpecTest3() in E:\GitCBS\cti-pbs\DEV\NET4\SeleniumAutomation\CBSAutomation\CBSAutomation\TestScripts\Smoke Test Scripts\CreateSpecification.cs:line 95]]></stack-trace>
              </failure>
            </test-case>
          </test-suite>
          <test-suite type="TestFixture" id="0-1009" name="CreateQuotation" fullname="CBSAutomation.TestScripts.Smoke_Test_Scripts.CreateQuotation" classname="CBSAutomation.TestScripts.Smoke_Test_Scripts.CreateQuotation" runstate="Runnable" testcasecount="1" result="Failed" label="Error" site="TearDown" start-time="2018-09-11 11:34:23Z" end-time="2018-09-11 11:34:41Z" duration="18.041218" total="1" passed="0" failed="1" warnings="0" inconclusive="0" skipped="0" asserts="0">
            <properties>
              <property name="Order" value="6" />
            </properties>
            <failure>
              <message><![CDATA[One or more child tests had errors
TearDown : System.InvalidOperationException : chrome not reachable
  (Session info: chrome=69.0.3497.81)
  (Driver info: chromedriver=2.41.578737 (49da6702b16031c40d63e5618de03a32ff6c197e),platform=Windows NT 6.3.9600 x86_64) (100)]]></message>
              <stack-trace><![CDATA[--TearDown
   at OpenQA.Selenium.Remote.RemoteWebDriver.UnpackAndThrowOnError(Response errorResponse)
   at OpenQA.Selenium.Remote.RemoteWebDriver.Execute(String driverCommandToExecute, Dictionary`2 parameters)
   at CBSAutomation.Driver.CloseBrowser() in E:\GitCBS\cti-pbs\DEV\NET4\SeleniumAutomation\CBSAutomation\CBSAutomation\Base Classes\Driver.cs:line 121
   at CBSAutomation.TestScripts.Smoke_Test_Scripts.CreateQuotation.BrowserLogout() in E:\GitCBS\cti-pbs\DEV\NET4\SeleniumAutomation\CBSAutomation\CBSAutomation\TestScripts\Smoke Test Scripts\CreateQuotation.cs:line 74]]></stack-trace>
            </failure>
            <test-case id="0-1010" name="CreateQuotationTest1" fullname="CBSAutomation.TestScripts.Smoke_Test_Scripts.CreateQuotation.CreateQuotationTest1" methodname="CreateQuotationTest1" classname="CBSAutomation.TestScripts.Smoke_Test_Scripts.CreateQuotation" runstate="Runnable" seed="2105391993" result="Failed" label="Error" start-time="2018-09-11 11:34:23Z" end-time="2018-09-11 11:34:31Z" duration="8.019084" asserts="0">
              <failure>
                <message><![CDATA[System.InvalidOperationException : chrome not reachable
  (Session info: chrome=69.0.3497.81)
  (Driver info: chromedriver=2.41.578737 (49da6702b16031c40d63e5618de03a32ff6c197e),platform=Windows NT 6.3.9600 x86_64) (100)]]></message>
                <stack-trace><![CDATA[   at OpenQA.Selenium.Remote.RemoteWebDriver.UnpackAndThrowOnError(Response errorResponse)
   at OpenQA.Selenium.Remote.RemoteWebDriver.Execute(String driverCommandToExecute, Dictionary`2 parameters)
   at OpenQA.Selenium.Remote.RemoteWebDriver.FindElement(String mechanism, String value)
   at CBSAutomation.Pages.QuotationPage.CreateQuotaion(IWebDriver driver, ExtentTest test, String QouteCustname, String Qoutespec, String saluation, String BussStatus, String Approvestatus) in E:\GitCBS\cti-pbs\DEV\NET4\SeleniumAutomation\CBSAutomation\CBSAutomation\Pages\QuotationPage.cs:line 32
   at CBSAutomation.TestScripts.Smoke_Test_Scripts.CreateQuotation.CreateQuotationTest1() in E:\GitCBS\cti-pbs\DEV\NET4\SeleniumAutomation\CBSAutomation\CBSAutomation\TestScripts\Smoke Test Scripts\CreateQuotation.cs:line 53]]></stack-trace>
              </failure>
            </test-case>
          </test-suite>
          <test-suite type="TestFixture" id="0-1021" name="MultipleOrders" fullname="CBSAutomation.TestScripts.Smoke_Test_Scripts.MultipleOrders" classname="CBSAutomation.TestScripts.Smoke_Test_Scripts.MultipleOrders" runstate="Runnable" testcasecount="1" result="Failed" label="Error" site="TearDown" start-time="2018-09-11 11:34:41Z" end-time="2018-09-11 11:34:55Z" duration="14.017569" total="1" passed="0" failed="1" warnings="0" inconclusive="0" skipped="0" asserts="0">
            <properties>
              <property name="Order" value="7" />
            </properties>
            <failure>
              <message><![CDATA[One or more child tests had errors
TearDown : System.InvalidOperationException : chrome not reachable
  (Session info: chrome=69.0.3497.81)
  (Driver info: chromedriver=2.41.578737 (49da6702b16031c40d63e5618de03a32ff6c197e),platform=Windows NT 6.3.9600 x86_64) (100)]]></message>
              <stack-trace><![CDATA[--TearDown
   at OpenQA.Selenium.Remote.RemoteWebDriver.UnpackAndThrowOnError(Response errorResponse)
   at OpenQA.Selenium.Remote.RemoteWebDriver.Execute(String driverCommandToExecute, Dictionary`2 parameters)
   at CBSAutomation.Driver.CloseBrowser() in E:\GitCBS\cti-pbs\DEV\NET4\SeleniumAutomation\CBSAutomation\CBSAutomation\Base Classes\Driver.cs:line 121
   at CBSAutomation.TestScripts.Smoke_Test_Scripts.MultipleOrders.BrowserLogout() in E:\GitCBS\cti-pbs\DEV\NET4\SeleniumAutomation\CBSAutomation\CBSAutomation\TestScripts\Smoke Test Scripts\MultipleOrders.cs:line 88]]></stack-trace>
            </failure>
            <test-case id="0-1022" name="CreateOneOrderLineTest" fullname="CBSAutomation.TestScripts.Smoke_Test_Scripts.MultipleOrders.CreateOneOrderLineTest" methodname="CreateOneOrderLineTest" classname="CBSAutomation.TestScripts.Smoke_Test_Scripts.MultipleOrders" runstate="Runnable" seed="561575820" result="Failed" label="Error" start-time="2018-09-11 11:34:41Z" end-time="2018-09-11 11:34:45Z" duration="4.013579" asserts="0">
              <failure>
                <message><![CDATA[System.InvalidOperationException : chrome not reachable
  (Session info: chrome=69.0.3497.81)
  (Driver info: chromedriver=2.41.578737 (49da6702b16031c40d63e5618de03a32ff6c197e),platform=Windows NT 6.3.9600 x86_64) (100)]]></message>
                <stack-trace><![CDATA[   at OpenQA.Selenium.Remote.RemoteWebDriver.UnpackAndThrowOnError(Response errorResponse)
   at OpenQA.Selenium.Remote.RemoteWebDriver.Execute(String driverCommandToExecute, Dictionary`2 parameters)
   at OpenQA.Selenium.Remote.RemoteWebDriver.FindElement(String mechanism, String value)
   at CBSAutomation.Pages.CreateNewOrder.CreateNewOrderEntry(IWebDriver driver, ExtentTest test, String CustomerName, String POnumber, String ShipToAdd) in E:\GitCBS\cti-pbs\DEV\NET4\SeleniumAutomation\CBSAutomation\CBSAutomation\Pages\CreateNewOrder.cs:line 26
   at CBSAutomation.TestScripts.Smoke_Test_Scripts.MultipleOrders.CreateOneOrderLineTest() in E:\GitCBS\cti-pbs\DEV\NET4\SeleniumAutomation\CBSAutomation\CBSAutomation\TestScripts\Smoke Test Scripts\MultipleOrders.cs:line 49]]></stack-trace>
              </failure>
            </test-case>
          </test-suite>
          <test-suite type="TestFixture" id="0-1006" name="CreateMaterialPO" fullname="CBSAutomation.TestScripts.Smoke_Test_Scripts.CreateMaterialPO" classname="CBSAutomation.TestScripts.Smoke_Test_Scripts.CreateMaterialPO" runstate="Runnable" testcasecount="2" result="Failed" label="Error" site="TearDown" start-time="2018-09-11 11:34:55Z" end-time="2018-09-11 11:35:13Z" duration="18.013957" total="2" passed="0" failed="2" warnings="0" inconclusive="0" skipped="0" asserts="0">
            <properties>
              <property name="Order" value="8" />
            </properties>
            <failure>
              <message><![CDATA[One or more child tests had errors
TearDown : System.InvalidOperationException : chrome not reachable
  (Session info: chrome=69.0.3497.81)
  (Driver info: chromedriver=2.41.578737 (49da6702b16031c40d63e5618de03a32ff6c197e),platform=Windows NT 6.3.9600 x86_64) (100)]]></message>
              <stack-trace><![CDATA[--TearDown
   at OpenQA.Selenium.Remote.RemoteWebDriver.UnpackAndThrowOnError(Response errorResponse)
   at OpenQA.Selenium.Remote.RemoteWebDriver.Execute(String driverCommandToExecute, Dictionary`2 parameters)
   at CBSAutomation.Driver.CloseBrowser() in E:\GitCBS\cti-pbs\DEV\NET4\SeleniumAutomation\CBSAutomation\CBSAutomation\Base Classes\Driver.cs:line 121
   at CBSAutomation.TestScripts.Smoke_Test_Scripts.CreateMaterialPO.BrowserLogout() in E:\GitCBS\cti-pbs\DEV\NET4\SeleniumAutomation\CBSAutomation\CBSAutomation\TestScripts\Smoke Test Scripts\CreateMaterialPO.cs:line 123]]></stack-trace>
            </failure>
            <test-case id="0-1007" name="CreateMaterialPOTest" fullname="CBSAutomation.TestScripts.Smoke_Test_Scripts.CreateMaterialPO.CreateMaterialPOTest" methodname="CreateMaterialPOTest" classname="CBSAutomation.TestScripts.Smoke_Test_Scripts.CreateMaterialPO" runstate="Runnable" seed="70018680" result="Failed" label="Error" start-time="2018-09-11 11:34:55Z" end-time="2018-09-11 11:34:59Z" duration="4.006075" asserts="0">
              <failure>
                <message><![CDATA[System.InvalidOperationException : chrome not reachable
  (Session info: chrome=69.0.3497.81)
  (Driver info: chromedriver=2.41.578737 (49da6702b16031c40d63e5618de03a32ff6c197e),platform=Windows NT 6.3.9600 x86_64) (100)]]></message>
                <stack-trace><![CDATA[   at OpenQA.Selenium.Remote.RemoteWebDriver.UnpackAndThrowOnError(Response errorResponse)
   at OpenQA.Selenium.Remote.RemoteWebDriver.Execute(String driverCommandToExecute, Dictionary`2 parameters)
   at OpenQA.Selenium.Remote.RemoteWebDriver.FindElement(String mechanism, String value)
   at CBSAutomation.Pages.PurchaseMaterialPage.CreateNewMaterialPO(IWebDriver driver, ExtentTest test, String MatSupplier, String MatWarehouse, String Mattransport, String MattID) in E:\GitCBS\cti-pbs\DEV\NET4\SeleniumAutomation\CBSAutomation\CBSAutomation\Pages\PurchaseMaterialPage.cs:line 25
   at CBSAutomation.TestScripts.Smoke_Test_Scripts.CreateMaterialPO.CreateMaterialPOTest() in E:\GitCBS\cti-pbs\DEV\NET4\SeleniumAutomation\CBSAutomation\CBSAutomation\TestScripts\Smoke Test Scripts\CreateMaterialPO.cs:line 70]]></stack-trace>
              </failure>
            </test-case>
            <test-case id="0-1008" name="ProcessMaterialAndApproveTest4" fullname="CBSAutomation.TestScripts.Smoke_Test_Scripts.CreateMaterialPO.ProcessMaterialAndApproveTest4" methodname="ProcessMaterialAndApproveTest4" classname="CBSAutomation.TestScripts.Smoke_Test_Scripts.CreateMaterialPO" runstate="Runnable" seed="935959613" result="Failed" label="Error" start-time="2018-09-11 11:34:59Z" end-time="2018-09-11 11:35:05Z" duration="6.000524" asserts="0">
              <failure>
                <message><![CDATA[System.InvalidOperationException : chrome not reachable
  (Session info: chrome=69.0.3497.81)
  (Driver info: chromedriver=2.41.578737 (49da6702b16031c40d63e5618de03a32ff6c197e),platform=Windows NT 6.3.9600 x86_64) (100)]]></message>
                <stack-trace><![CDATA[   at OpenQA.Selenium.Remote.RemoteWebDriver.UnpackAndThrowOnError(Response errorResponse)
   at OpenQA.Selenium.Remote.RemoteWebDriver.Execute(String driverCommandToExecute, Dictionary`2 parameters)
   at OpenQA.Selenium.Remote.RemoteWebDriver.FindElement(String mechanism, String value)
   at CBSAutomation.Pages.POProcessingPage.ProcessMaterialPO(IWebDriver driver, String materialid) in E:\GitCBS\cti-pbs\DEV\NET4\SeleniumAutomation\CBSAutomation\CBSAutomation\Pages\POProcessingPage.cs:line 92
   at CBSAutomation.TestScripts.Smoke_Test_Scripts.CreateMaterialPO.ProcessMaterialAndApproveTest4() in E:\GitCBS\cti-pbs\DEV\NET4\SeleniumAutomation\CBSAutomation\CBSAutomation\TestScripts\Smoke Test Scripts\CreateMaterialPO.cs:line 83]]></stack-trace>
              </failure>
            </test-case>
          </test-suite>
          <test-suite type="TestFixture" id="0-1027" name="PurchaseBoardTest" fullname="CBSAutomation.TestScripts.Smoke_Test_Scripts.PurchaseBoardTest" classname="CBSAutomation.TestScripts.Smoke_Test_Scripts.PurchaseBoardTest" runstate="Runnable" testcasecount="3" result="Failed" label="Error" site="TearDown" start-time="2018-09-11 11:35:13Z" end-time="2018-09-11 11:35:40Z" duration="26.903603" total="3" passed="0" failed="3" warnings="0" inconclusive="0" skipped="0" asserts="0">
            <properties>
              <property name="Order" value="9" />
            </properties>
            <failure>
              <message><![CDATA[One or more child tests had errors
TearDown : System.InvalidOperationException : chrome not reachable
  (Session info: chrome=69.0.3497.81)
  (Driver info: chromedriver=2.41.578737 (49da6702b16031c40d63e5618de03a32ff6c197e),platform=Windows NT 6.3.9600 x86_64) (100)]]></message>
              <stack-trace><![CDATA[--TearDown
   at OpenQA.Selenium.Remote.RemoteWebDriver.UnpackAndThrowOnError(Response errorResponse)
   at OpenQA.Selenium.Remote.RemoteWebDriver.Execute(String driverCommandToExecute, Dictionary`2 parameters)
   at CBSAutomation.Driver.CloseBrowser() in E:\GitCBS\cti-pbs\DEV\NET4\SeleniumAutomation\CBSAutomation\CBSAutomation\Base Classes\Driver.cs:line 121
   at CBSAutomation.TestScripts.Smoke_Test_Scripts.PurchaseBoardTest.BrowserLogout() in E:\GitCBS\cti-pbs\DEV\NET4\SeleniumAutomation\CBSAutomation\CBSAutomation\TestScripts\Smoke Test Scripts\PurchaseBoardTest.cs:line 101]]></stack-trace>
            </failure>
            <test-case id="0-1028" name="CreateBoardPurchaseOrdert1" fullname="CBSAutomation.TestScripts.Smoke_Test_Scripts.PurchaseBoardTest.CreateBoardPurchaseOrdert1" methodname="CreateBoardPurchaseOrdert1" classname="CBSAutomation.TestScripts.Smoke_Test_Scripts.PurchaseBoardTest" runstate="Runnable" seed="1079376394" result="Failed" label="Error" start-time="2018-09-11 11:35:13Z" end-time="2018-09-11 11:35:19Z" duration="6.007390" asserts="0">
              <failure>
                <message><![CDATA[System.InvalidOperationException : chrome not reachable
  (Session info: chrome=69.0.3497.81)
  (Driver info: chromedriver=2.41.578737 (49da6702b16031c40d63e5618de03a32ff6c197e),platform=Windows NT 6.3.9600 x86_64) (100)]]></message>
                <stack-trace><![CDATA[   at OpenQA.Selenium.Remote.RemoteWebDriver.UnpackAndThrowOnError(Response errorResponse)
   at OpenQA.Selenium.Remote.RemoteWebDriver.Execute(String driverCommandToExecute, Dictionary`2 parameters)
   at OpenQA.Selenium.Remote.RemoteWebDriver.FindElement(String mechanism, String value)
   at CBSAutomation.Pages.PurchaseBoardPage.POforBoard(IWebDriver driver, ExtentTest test, String BoardOrderID) in E:\GitCBS\cti-pbs\DEV\NET4\SeleniumAutomation\CBSAutomation\CBSAutomation\Pages\PurchaseBoardPage.cs:line 24
   at CBSAutomation.TestScripts.Smoke_Test_Scripts.PurchaseBoardTest.CreateBoardPurchaseOrdert1() in E:\GitCBS\cti-pbs\DEV\NET4\SeleniumAutomation\CBSAutomation\CBSAutomation\TestScripts\Smoke Test Scripts\PurchaseBoardTest.cs:line 53]]></stack-trace>
              </failure>
            </test-case>
            <test-case id="0-1029" name="CreateBoardPurchaseOrdert2" fullname="CBSAutomation.TestScripts.Smoke_Test_Scripts.PurchaseBoardTest.CreateBoardPurchaseOrdert2" methodname="CreateBoardPurchaseOrdert2" classname="CBSAutomation.TestScripts.Smoke_Test_Scripts.PurchaseBoardTest" runstate="Runnable" seed="458006779" result="Failed" label="Error" start-time="2018-09-11 11:35:19Z" end-time="2018-09-11 11:35:23Z" duration="4.009228" asserts="0">
              <failure>
                <message><![CDATA[System.InvalidOperationException : chrome not reachable
  (Session info: chrome=69.0.3497.81)
  (Driver info: chromedriver=2.41.578737 (49da6702b16031c40d63e5618de03a32ff6c197e),platform=Windows NT 6.3.9600 x86_64) (100)]]></message>
                <stack-trace><![CDATA[   at OpenQA.Selenium.Remote.RemoteWebDriver.UnpackAndThrowOnError(Response errorResponse)
   at OpenQA.Selenium.Remote.RemoteWebDriver.Execute(String driverCommandToExecute, Dictionary`2 parameters)
   at OpenQA.Selenium.Remote.RemoteWebDriver.FindElement(String mechanism, String value)
   at CBSAutomation.Pages.POProcessingPage.ProcessBoardPO(IWebDriver driver, String BoardOrderlid) in E:\GitCBS\cti-pbs\DEV\NET4\SeleniumAutomation\CBSAutomation\CBSAutomation\Pages\POProcessingPage.cs:line 54
   at CBSAutomation.TestScripts.Smoke_Test_Scripts.PurchaseBoardTest.CreateBoardPurchaseOrdert2() in E:\GitCBS\cti-pbs\DEV\NET4\SeleniumAutomation\CBSAutomation\CBSAutomation\TestScripts\Smoke Test Scripts\PurchaseBoardTest.cs:line 63]]></stack-trace>
              </failure>
            </test-case>
            <test-case id="0-1030" name="ReceivePurchaseOrdert2" fullname="CBSAutomation.TestScripts.Smoke_Test_Scripts.PurchaseBoardTest.ReceivePurchaseOrdert2" methodname="ReceivePurchaseOrdert2" classname="CBSAutomation.TestScripts.Smoke_Test_Scripts.PurchaseBoardTest" runstate="Runnable" seed="1404256290" result="Failed" label="Error" start-time="2018-09-11 11:35:23Z" end-time="2018-09-11 11:35:30Z" duration="6.854177" asserts="0">
              <failure>
                <message><![CDATA[System.InvalidOperationException : chrome not reachable
  (Session info: chrome=69.0.3497.81)
  (Driver info: chromedriver=2.41.578737 (49da6702b16031c40d63e5618de03a32ff6c197e),platform=Windows NT 6.3.9600 x86_64) (100)]]></message>
                <stack-trace><![CDATA[   at OpenQA.Selenium.Remote.RemoteWebDriver.UnpackAndThrowOnError(Response errorResponse)
   at OpenQA.Selenium.Remote.RemoteWebDriver.Execute(String driverCommandToExecute, Dictionary`2 parameters)
   at OpenQA.Selenium.Remote.RemoteWebDriver.FindElement(String mechanism, String value)
   at CBSAutomation.Pages.RecevingPOPage.ReceiveBoardPO(IWebDriver driver, ExtentTest test, String receivesupplier, String receivePo, String units, String unitqty, String lastunitqty, String receivevendorID, String receiveshipmentID) in E:\GitCBS\cti-pbs\DEV\NET4\SeleniumAutomation\CBSAutomation\CBSAutomation\Pages\RecevingPOPage.cs:line 51
   at CBSAutomation.TestScripts.Smoke_Test_Scripts.PurchaseBoardTest.ReceivePurchaseOrdert2() in E:\GitCBS\cti-pbs\DEV\NET4\SeleniumAutomation\CBSAutomation\CBSAutomation\TestScripts\Smoke Test Scripts\PurchaseBoardTest.cs:line 82]]></stack-trace>
              </failure>
            </test-case>
          </test-suite>
          <test-suite type="TestFixture" id="0-1023" name="PayableReceiptsTest" fullname="CBSAutomation.TestScripts.Smoke_Test_Scripts.PayableReceiptsTest" classname="CBSAutomation.TestScripts.Smoke_Test_Scripts.PayableReceiptsTest" runstate="Runnable" testcasecount="3" result="Failed" label="Error" site="TearDown" start-time="2018-09-11 11:35:40Z" end-time="2018-09-11 11:36:06Z" duration="26.058310" total="3" passed="0" failed="3" warnings="0" inconclusive="0" skipped="0" asserts="0">
            <properties>
              <property name="Order" value="10" />
            </properties>
            <failure>
              <message><![CDATA[One or more child tests had errors
TearDown : System.InvalidOperationException : chrome not reachable
  (Session info: chrome=69.0.3497.81)
  (Driver info: chromedriver=2.41.578737 (49da6702b16031c40d63e5618de03a32ff6c197e),platform=Windows NT 6.3.9600 x86_64) (100)]]></message>
              <stack-trace><![CDATA[--TearDown
   at OpenQA.Selenium.Remote.RemoteWebDriver.UnpackAndThrowOnError(Response errorResponse)
   at OpenQA.Selenium.Remote.RemoteWebDriver.Execute(String driverCommandToExecute, Dictionary`2 parameters)
   at CBSAutomation.Driver.CloseBrowser() in E:\GitCBS\cti-pbs\DEV\NET4\SeleniumAutomation\CBSAutomation\CBSAutomation\Base Classes\Driver.cs:line 121
   at CBSAutomation.TestScripts.Smoke_Test_Scripts.PayableReceiptsTest.BrowserLogout() in E:\GitCBS\cti-pbs\DEV\NET4\SeleniumAutomation\CBSAutomation\CBSAutomation\TestScripts\Smoke Test Scripts\PayableReceiptsTest.cs:line 103]]></stack-trace>
            </failure>
            <test-case id="0-1024" name="ReceivePurchaseOrdertBoard1" fullname="CBSAutomation.TestScripts.Smoke_Test_Scripts.PayableReceiptsTest.ReceivePurchaseOrdertBoard1" methodname="ReceivePurchaseOrdertBoard1" classname="CBSAutomation.TestScripts.Smoke_Test_Scripts.PayableReceiptsTest" runstate="Runnable" seed="1977589486" result="Failed" label="Error" start-time="2018-09-11 11:35:40Z" end-time="2018-09-11 11:35:46Z" duration="6.005427" asserts="0">
              <failure>
                <message><![CDATA[System.InvalidOperationException : chrome not reachable
  (Session info: chrome=69.0.3497.81)
  (Driver info: chromedriver=2.41.578737 (49da6702b16031c40d63e5618de03a32ff6c197e),platform=Windows NT 6.3.9600 x86_64) (100)]]></message>
                <stack-trace><![CDATA[   at OpenQA.Selenium.Remote.RemoteWebDriver.UnpackAndThrowOnError(Response errorResponse)
   at OpenQA.Selenium.Remote.RemoteWebDriver.Execute(String driverCommandToExecute, Dictionary`2 parameters)
   at OpenQA.Selenium.Remote.RemoteWebDriver.FindElement(String mechanism, String value)
   at CBSAutomation.Pages.PayableReceiptsPage.PayableReceiptsCreation(IWebDriver driver, ExtentTest test, String Vendorid, String PONumberfilter, String dateofpayable, String Receiptypes) in E:\GitCBS\cti-pbs\DEV\NET4\SeleniumAutomation\CBSAutomation\CBSAutomation\Pages\PayableReceiptsPage.cs:line 26
   at CBSAutomation.TestScripts.Smoke_Test_Scripts.PayableReceiptsTest.ReceivePurchaseOrdertBoard1() in E:\GitCBS\cti-pbs\DEV\NET4\SeleniumAutomation\CBSAutomation\CBSAutomation\TestScripts\Smoke Test Scripts\PayableReceiptsTest.cs:line 57]]></stack-trace>
              </failure>
            </test-case>
            <test-case id="0-1025" name="ReceivePurchaseOrdertMaterial1" fullname="CBSAutomation.TestScripts.Smoke_Test_Scripts.PayableReceiptsTest.ReceivePurchaseOrdertMaterial1" methodname="ReceivePurchaseOrdertMaterial1" classname="CBSAutomation.TestScripts.Smoke_Test_Scripts.PayableReceiptsTest" runstate="Runnable" seed="796155673" result="Failed" label="Error" start-time="2018-09-11 11:35:46Z" end-time="2018-09-11 11:35:50Z" duration="4.007766" asserts="0">
              <failure>
                <message><![CDATA[System.InvalidOperationException : chrome not reachable
  (Session info: chrome=69.0.3497.81)
  (Driver info: chromedriver=2.41.578737 (49da6702b16031c40d63e5618de03a32ff6c197e),platform=Windows NT 6.3.9600 x86_64) (100)]]></message>
                <stack-trace><![CDATA[   at OpenQA.Selenium.Remote.RemoteWebDriver.UnpackAndThrowOnError(Response errorResponse)
   at OpenQA.Selenium.Remote.RemoteWebDriver.Execute(String driverCommandToExecute, Dictionary`2 parameters)
   at OpenQA.Selenium.Remote.RemoteWebDriver.FindElement(String mechanism, String value)
   at CBSAutomation.Pages.PayableReceiptsPage.PayableReceiptsCreation(IWebDriver driver, ExtentTest test, String Vendorid, String PONumberfilter, String dateofpayable, String Receiptypes) in E:\GitCBS\cti-pbs\DEV\NET4\SeleniumAutomation\CBSAutomation\CBSAutomation\Pages\PayableReceiptsPage.cs:line 26
   at CBSAutomation.TestScripts.Smoke_Test_Scripts.PayableReceiptsTest.ReceivePurchaseOrdertMaterial1() in E:\GitCBS\cti-pbs\DEV\NET4\SeleniumAutomation\CBSAutomation\CBSAutomation\TestScripts\Smoke Test Scripts\PayableReceiptsTest.cs:line 71]]></stack-trace>
              </failure>
            </test-case>
            <test-case id="0-1026" name="ReceivePurchaseOrdertTool1" fullname="CBSAutomation.TestScripts.Smoke_Test_Scripts.PayableReceiptsTest.ReceivePurchaseOrdertTool1" methodname="ReceivePurchaseOrdertTool1" classname="CBSAutomation.TestScripts.Smoke_Test_Scripts.PayableReceiptsTest" runstate="Runnable" seed="906112629" result="Failed" label="Error" start-time="2018-09-11 11:35:50Z" end-time="2018-09-11 11:35:56Z" duration="6.014871" asserts="0">
              <failure>
                <message><![CDATA[System.InvalidOperationException : chrome not reachable
  (Session info: chrome=69.0.3497.81)
  (Driver info: chromedriver=2.41.578737 (49da6702b16031c40d63e5618de03a32ff6c197e),platform=Windows NT 6.3.9600 x86_64) (100)]]></message>
                <stack-trace><![CDATA[   at OpenQA.Selenium.Remote.RemoteWebDriver.UnpackAndThrowOnError(Response errorResponse)
   at OpenQA.Selenium.Remote.RemoteWebDriver.Execute(String driverCommandToExecute, Dictionary`2 parameters)
   at OpenQA.Selenium.Remote.RemoteWebDriver.FindElement(String mechanism, String value)
   at CBSAutomation.Pages.PayableReceiptsPage.PayableReceiptsCreation(IWebDriver driver, ExtentTest test, String Vendorid, String PONumberfilter, String dateofpayable, String Receiptypes) in E:\GitCBS\cti-pbs\DEV\NET4\SeleniumAutomation\CBSAutomation\CBSAutomation\Pages\PayableReceiptsPage.cs:line 26
   at CBSAutomation.TestScripts.Smoke_Test_Scripts.PayableReceiptsTest.ReceivePurchaseOrdertTool1() in E:\GitCBS\cti-pbs\DEV\NET4\SeleniumAutomation\CBSAutomation\CBSAutomation\TestScripts\Smoke Test Scripts\PayableReceiptsTest.cs:line 85]]></stack-trace>
              </failure>
            </test-case>
          </test-suite>
        </test-suite>
      </test-suite>
    </test-suite>
  </test-suite>
</test-run>