<?xml version="1.0" encoding="utf-8" standalone="no"?>
<test-run id="2" testcasecount="72" result="Failed" total="45" passed="21" failed="24" inconclusive="0" skipped="0" asserts="30" engine-version="3.8.0.0" clr-version="4.0.30319.42000" start-time="2018-09-06 04:47:46Z" end-time="2018-09-06 06:15:11Z" duration="5245.173808">
  <command-line><![CDATA["C:\GitCBS\cti-pbs\DEV\NET4\SeleniumAutomation\CBSAutomation\CBSAutomation\Nunit\nunit3-console.exe"  C:\GitCBS\cti-pbs\DEV\NET4\SeleniumAutomation\CBSAutomation\CBSAutomation\bin\Debug\CBSAutomation.dll --where namespace==CBSAutomation.TestScripts.Estimate_Test_Cases --labels=off --work=C:\GitCBS\cti-pbs\DEV\NET4\SeleniumAutomation\CBSAutomation\xmlTestResults --result=Project.EstimateModule.Test.xml;format=nunit3]]></command-line>
  <filter>
    <namespace>CBSAutomation.TestScripts.Estimate_Test_Cases</namespace>
  </filter>
  <test-suite type="Assembly" id="0-1097" name="CBSAutomation.dll" fullname="C:\GitCBS\cti-pbs\DEV\NET4\SeleniumAutomation\CBSAutomation\CBSAutomation\bin\Debug\CBSAutomation.dll" runstate="Runnable" testcasecount="72" result="Failed" site="Child" start-time="2018-09-06 04:47:46Z" end-time="2018-09-06 06:15:11Z" duration="5244.441447" total="45" passed="21" failed="24" warnings="0" inconclusive="0" skipped="0" asserts="30">
    <environment framework-version="3.10.1.0" clr-version="4.0.30319.42000" os-version="Microsoft Windows NT 6.3.9600" platform="Win32NT" cwd="C:\Program Files (x86)\Jenkins\workspace\CBS_Estimate_Module" machine-name="CRS1-BAWCTI05" user="Administrator" user-domain="CRS1-BAWCTI05" culture="en-US" uiculture="en-US" os-architecture="x64" />
    <settings>
      <setting name="DisposeRunners" value="True" />
      <setting name="WorkDirectory" value="C:\GitCBS\cti-pbs\DEV\NET4\SeleniumAutomation\CBSAutomation\xmlTestResults" />
      <setting name="ImageRuntimeVersion" value="4.0.30319" />
      <setting name="ImageTargetFrameworkName" value=".NETFramework,Version=v4.5.2" />
      <setting name="ImageRequiresX86" value="False" />
      <setting name="ImageRequiresDefaultAppDomainAssemblyResolver" value="False" />
      <setting name="NumberOfTestWorkers" value="4" />
    </settings>
    <properties>
      <property name="_PID" value="4524" />
      <property name="_APPDOMAIN" value="domain-" />
    </properties>
    <failure>
      <message><![CDATA[One or more child tests had errors]]></message>
    </failure>
    <test-suite type="TestSuite" id="0-1098" name="CBSAutomation" fullname="CBSAutomation" runstate="Runnable" testcasecount="72" result="Failed" site="Child" start-time="2018-09-06 04:47:46Z" end-time="2018-09-06 06:15:11Z" duration="5244.418119" total="45" passed="21" failed="24" warnings="0" inconclusive="0" skipped="0" asserts="30">
      <failure>
        <message><![CDATA[One or more child tests had errors]]></message>
      </failure>
      <test-suite type="TestSuite" id="0-1099" name="TestScripts" fullname="CBSAutomation.TestScripts" runstate="Runnable" testcasecount="72" result="Failed" site="Child" start-time="2018-09-06 04:47:46Z" end-time="2018-09-06 06:15:11Z" duration="5244.417385" total="45" passed="21" failed="24" warnings="0" inconclusive="0" skipped="0" asserts="30">
        <failure>
          <message><![CDATA[One or more child tests had errors]]></message>
        </failure>
        <test-suite type="TestSuite" id="0-1102" name="Estimate_Test_Cases" fullname="CBSAutomation.TestScripts.Estimate_Test_Cases" runstate="Runnable" testcasecount="45" result="Failed" site="Child" start-time="2018-09-06 04:47:46Z" end-time="2018-09-06 06:15:11Z" duration="5244.414597" total="45" passed="21" failed="24" warnings="0" inconclusive="0" skipped="0" asserts="30">
          <failure>
            <message><![CDATA[One or more child tests had errors]]></message>
          </failure>
          <test-suite type="TestFixture" id="0-1071" name="Estimate1Test" fullname="CBSAutomation.TestScripts.Estimate_Test_Cases.Estimate1Test" classname="CBSAutomation.TestScripts.Estimate_Test_Cases.Estimate1Test" runstate="Runnable" testcasecount="3" result="Failed" site="Child" start-time="2018-09-06 04:47:46Z" end-time="2018-09-06 04:49:53Z" duration="126.416961" total="3" passed="2" failed="1" warnings="0" inconclusive="0" skipped="0" asserts="4">
            <properties>
              <property name="Order" value="1" />
            </properties>
            <failure>
              <message><![CDATA[One or more child tests had errors]]></message>
            </failure>
            <test-case id="0-1072" name="CreateEstimate1ProductSpecTest1" fullname="CBSAutomation.TestScripts.Estimate_Test_Cases.Estimate1Test.CreateEstimate1ProductSpecTest1" methodname="CreateEstimate1ProductSpecTest1" classname="CBSAutomation.TestScripts.Estimate_Test_Cases.Estimate1Test" runstate="Runnable" seed="1481488115" result="Passed" start-time="2018-09-06 04:47:55Z" end-time="2018-09-06 04:48:05Z" duration="9.815057" asserts="0" />
            <test-case id="0-1073" name="CreateEstimate1ProductSpecTest2" fullname="CBSAutomation.TestScripts.Estimate_Test_Cases.Estimate1Test.CreateEstimate1ProductSpecTest2" methodname="CreateEstimate1ProductSpecTest2" classname="CBSAutomation.TestScripts.Estimate_Test_Cases.Estimate1Test" runstate="Runnable" seed="2055163472" result="Passed" start-time="2018-09-06 04:48:05Z" end-time="2018-09-06 04:48:58Z" duration="53.274618" asserts="1" />
            <test-case id="0-1074" name="CreateEstimate1ProductSpecTest3" fullname="CBSAutomation.TestScripts.Estimate_Test_Cases.Estimate1Test.CreateEstimate1ProductSpecTest3" methodname="CreateEstimate1ProductSpecTest3" classname="CBSAutomation.TestScripts.Estimate_Test_Cases.Estimate1Test" runstate="Runnable" seed="545162457" result="Failed" label="Error" start-time="2018-09-06 04:48:58Z" end-time="2018-09-06 04:49:45Z" duration="46.833155" asserts="3">
              <failure>
                <message><![CDATA[System.ArgumentOutOfRangeException : Index was out of range. Must be non-negative and less than the size of the collection.
Parameter name: index]]></message>
                <stack-trace><![CDATA[   at System.ThrowHelper.ThrowArgumentOutOfRangeException(ExceptionArgument argument, ExceptionResource resource)
   at System.Collections.Generic.List`1.get_Item(Int32 index)
   at CBSAutomation.Pages.SpecificationPage.CreateBusinessSpecificationwithPricingType(IWebDriver driver, ExtentTest test, String CostModel, String Qty, String Unitization) in E:\GitCBS\cti-pbs\DEV\NET4\SeleniumAutomation\CBSAutomation\CBSAutomation\Pages\SpecificationPage.cs:line 676
   at CBSAutomation.TestScripts.Estimate_Test_Cases.Estimate1Test.CreateEstimate1ProductSpecTest3() in E:\GitCBS\cti-pbs\DEV\NET4\SeleniumAutomation\CBSAutomation\CBSAutomation\TestScripts\Estimate Test Cases\Estimate1Test.cs:line 95]]></stack-trace>
              </failure>
            </test-case>
          </test-suite>
          <test-suite type="TestFixture" id="0-1075" name="Estimate2Test" fullname="CBSAutomation.TestScripts.Estimate_Test_Cases.Estimate2Test" classname="CBSAutomation.TestScripts.Estimate_Test_Cases.Estimate2Test" runstate="Runnable" testcasecount="3" result="Passed" start-time="2018-09-06 04:49:53Z" end-time="2018-09-06 04:52:09Z" duration="136.146079" total="3" passed="3" failed="0" warnings="0" inconclusive="0" skipped="0" asserts="4">
            <properties>
              <property name="Order" value="2" />
            </properties>
            <test-case id="0-1076" name="CreateProductSpecEstimate21" fullname="CBSAutomation.TestScripts.Estimate_Test_Cases.Estimate2Test.CreateProductSpecEstimate21" methodname="CreateProductSpecEstimate21" classname="CBSAutomation.TestScripts.Estimate_Test_Cases.Estimate2Test" runstate="Runnable" seed="1423371543" result="Passed" start-time="2018-09-06 04:50:00Z" end-time="2018-09-06 04:50:15Z" duration="15.063702" asserts="0" />
            <test-case id="0-1077" name="CreateProductSpecEstimate22" fullname="CBSAutomation.TestScripts.Estimate_Test_Cases.Estimate2Test.CreateProductSpecEstimate22" methodname="CreateProductSpecEstimate22" classname="CBSAutomation.TestScripts.Estimate_Test_Cases.Estimate2Test" runstate="Runnable" seed="1347509686" result="Passed" start-time="2018-09-06 04:50:15Z" end-time="2018-09-06 04:50:58Z" duration="43.181264" asserts="1" />
            <test-case id="0-1078" name="CreateProductSpecEstimate23" fullname="CBSAutomation.TestScripts.Estimate_Test_Cases.Estimate2Test.CreateProductSpecEstimate23" methodname="CreateProductSpecEstimate23" classname="CBSAutomation.TestScripts.Estimate_Test_Cases.Estimate2Test" runstate="Runnable" seed="978842920" result="Passed" start-time="2018-09-06 04:50:58Z" end-time="2018-09-06 04:52:00Z" duration="62.052557" asserts="3" />
          </test-suite>
          <test-suite type="TestFixture" id="0-1067" name="CreateEstimateforNewCustomer" fullname="CBSAutomation.TestScripts.Estimate_Test_Cases.CreateEstimateforNewCustomer" classname="CBSAutomation.TestScripts.Estimate_Test_Cases.CreateEstimateforNewCustomer" runstate="Runnable" testcasecount="3" result="Passed" start-time="2018-09-06 04:52:09Z" end-time="2018-09-06 04:54:14Z" duration="124.763125" total="3" passed="3" failed="0" warnings="0" inconclusive="0" skipped="0" asserts="3">
            <properties>
              <property name="Order" value="3" />
            </properties>
            <test-case id="0-1068" name="CreateNewCustomerTest1" fullname="CBSAutomation.TestScripts.Estimate_Test_Cases.CreateEstimateforNewCustomer.CreateNewCustomerTest1" methodname="CreateNewCustomerTest1" classname="CBSAutomation.TestScripts.Estimate_Test_Cases.CreateEstimateforNewCustomer" runstate="Runnable" seed="1746416245" result="Passed" start-time="2018-09-06 04:52:18Z" end-time="2018-09-06 04:52:31Z" duration="12.625727" asserts="0" />
            <test-case id="0-1069" name="CreateNewCustomerTest2" fullname="CBSAutomation.TestScripts.Estimate_Test_Cases.CreateEstimateforNewCustomer.CreateNewCustomerTest2" methodname="CreateNewCustomerTest2" classname="CBSAutomation.TestScripts.Estimate_Test_Cases.CreateEstimateforNewCustomer" runstate="Runnable" seed="803032706" result="Passed" start-time="2018-09-06 04:52:31Z" end-time="2018-09-06 04:53:28Z" duration="56.996663" asserts="2" />
            <test-case id="0-1070" name="CreateNewCustomerTest3" fullname="CBSAutomation.TestScripts.Estimate_Test_Cases.CreateEstimateforNewCustomer.CreateNewCustomerTest3" methodname="CreateNewCustomerTest3" classname="CBSAutomation.TestScripts.Estimate_Test_Cases.CreateEstimateforNewCustomer" runstate="Runnable" seed="977554566" result="Passed" start-time="2018-09-06 04:53:28Z" end-time="2018-09-06 04:54:05Z" duration="37.483856" asserts="1" />
          </test-suite>
          <test-suite type="TestFixture" id="0-1049" name="Manufacturable" fullname="CBSAutomation.TestScripts.Estimate_Test_Cases.Manufacturable" classname="CBSAutomation.TestScripts.Estimate_Test_Cases.Manufacturable" runstate="Runnable" testcasecount="5" result="Failed" site="Child" start-time="2018-09-06 04:54:14Z" end-time="2018-09-06 04:56:02Z" duration="108.558981" total="5" passed="4" failed="1" warnings="0" inconclusive="0" skipped="0" asserts="3">
            <properties>
              <property name="Order" value="4" />
            </properties>
            <failure>
              <message><![CDATA[One or more child tests had errors]]></message>
            </failure>
            <test-case id="0-1050" name="ManufacturableSpecEstimateTest1" fullname="CBSAutomation.TestScripts.Estimate_Test_Cases.Manufacturable.ManufacturableSpecEstimateTest1" methodname="ManufacturableSpecEstimateTest1" classname="CBSAutomation.TestScripts.Estimate_Test_Cases.Manufacturable" runstate="Runnable" seed="1555777058" result="Failed" start-time="2018-09-06 04:54:21Z" end-time="2018-09-06 04:54:27Z" duration="6.144965" asserts="1">
              <failure>
                <message><![CDATA[  Expected: True
  But was:  False
]]></message>
                <stack-trace><![CDATA[   at CBSAutomation.Pages.CreateTools.ValidateToolStatus(IWebDriver driver, ExtentTest test, String Toolidvalidate) in E:\GitCBS\cti-pbs\DEV\NET4\SeleniumAutomation\CBSAutomation\CBSAutomation\Pages\CreateTools.cs:line 245
   at CBSAutomation.TestScripts.Estimate_Test_Cases.Manufacturable.ManufacturableSpecEstimateTest1() in E:\GitCBS\cti-pbs\DEV\NET4\SeleniumAutomation\CBSAutomation\CBSAutomation\TestScripts\Estimate Test Cases\Manufacturable.cs:line 52
]]></stack-trace>
              </failure>
              <assertions>
                <assertion result="Failed">
                  <message><![CDATA[  Expected: True
  But was:  False
]]></message>
                  <stack-trace><![CDATA[   at CBSAutomation.Pages.CreateTools.ValidateToolStatus(IWebDriver driver, ExtentTest test, String Toolidvalidate) in E:\GitCBS\cti-pbs\DEV\NET4\SeleniumAutomation\CBSAutomation\CBSAutomation\Pages\CreateTools.cs:line 245
   at CBSAutomation.TestScripts.Estimate_Test_Cases.Manufacturable.ManufacturableSpecEstimateTest1() in E:\GitCBS\cti-pbs\DEV\NET4\SeleniumAutomation\CBSAutomation\CBSAutomation\TestScripts\Estimate Test Cases\Manufacturable.cs:line 52
]]></stack-trace>
                </assertion>
              </assertions>
            </test-case>
            <test-case id="0-1051" name="ManufacturableSpecEstimateTest2" fullname="CBSAutomation.TestScripts.Estimate_Test_Cases.Manufacturable.ManufacturableSpecEstimateTest2" methodname="ManufacturableSpecEstimateTest2" classname="CBSAutomation.TestScripts.Estimate_Test_Cases.Manufacturable" runstate="Runnable" seed="657125103" result="Passed" start-time="2018-09-06 04:54:27Z" end-time="2018-09-06 04:54:34Z" duration="6.782911" asserts="1" />
            <test-case id="0-1052" name="ManufacturableSpecEstimateTest3" fullname="CBSAutomation.TestScripts.Estimate_Test_Cases.Manufacturable.ManufacturableSpecEstimateTest3" methodname="ManufacturableSpecEstimateTest3" classname="CBSAutomation.TestScripts.Estimate_Test_Cases.Manufacturable" runstate="Runnable" seed="237450293" result="Passed" start-time="2018-09-06 04:54:34Z" end-time="2018-09-06 04:54:43Z" duration="9.055246" asserts="0" />
            <test-case id="0-1053" name="ManufacturableSpecEstimateTest4" fullname="CBSAutomation.TestScripts.Estimate_Test_Cases.Manufacturable.ManufacturableSpecEstimateTest4" methodname="ManufacturableSpecEstimateTest4" classname="CBSAutomation.TestScripts.Estimate_Test_Cases.Manufacturable" runstate="Runnable" seed="710081008" result="Passed" start-time="2018-09-06 04:54:43Z" end-time="2018-09-06 04:55:22Z" duration="38.787995" asserts="1" />
            <test-case id="0-1054" name="ManufacturableSpecEstimateTest5" fullname="CBSAutomation.TestScripts.Estimate_Test_Cases.Manufacturable.ManufacturableSpecEstimateTest5" methodname="ManufacturableSpecEstimateTest5" classname="CBSAutomation.TestScripts.Estimate_Test_Cases.Manufacturable" runstate="Runnable" seed="1427617304" result="Passed" start-time="2018-09-06 04:55:22Z" end-time="2018-09-06 04:55:54Z" duration="31.770026" asserts="0" />
          </test-suite>
          <test-suite type="TestFixture" id="0-1063" name="CopyEstimatesTest" fullname="CBSAutomation.TestScripts.Estimate_Test_Cases.CopyEstimatesTest" classname="CBSAutomation.TestScripts.Estimate_Test_Cases.CopyEstimatesTest" runstate="Runnable" testcasecount="3" result="Passed" start-time="2018-09-06 04:56:02Z" end-time="2018-09-06 04:58:16Z" duration="133.917868" total="3" passed="3" failed="0" warnings="0" inconclusive="0" skipped="0" asserts="2">
            <properties>
              <property name="Order" value="5" />
            </properties>
            <test-case id="0-1064" name="CopyEstimateTest1" fullname="CBSAutomation.TestScripts.Estimate_Test_Cases.CopyEstimatesTest.CopyEstimateTest1" methodname="CopyEstimateTest1" classname="CBSAutomation.TestScripts.Estimate_Test_Cases.CopyEstimatesTest" runstate="Runnable" seed="360345963" result="Passed" start-time="2018-09-06 04:56:10Z" end-time="2018-09-06 04:56:23Z" duration="12.978475" asserts="0" />
            <test-case id="0-1065" name="CopyEstimateTest2" fullname="CBSAutomation.TestScripts.Estimate_Test_Cases.CopyEstimatesTest.CopyEstimateTest2" methodname="CopyEstimateTest2" classname="CBSAutomation.TestScripts.Estimate_Test_Cases.CopyEstimatesTest" runstate="Runnable" seed="1649790891" result="Passed" start-time="2018-09-06 04:56:23Z" end-time="2018-09-06 04:57:20Z" duration="57.028139" asserts="2" />
            <test-case id="0-1066" name="CopyEstimateTest3" fullname="CBSAutomation.TestScripts.Estimate_Test_Cases.CopyEstimatesTest.CopyEstimateTest3" methodname="CopyEstimateTest3" classname="CBSAutomation.TestScripts.Estimate_Test_Cases.CopyEstimatesTest" runstate="Runnable" seed="526074496" result="Passed" start-time="2018-09-06 04:57:20Z" end-time="2018-09-06 04:58:08Z" duration="48.457694" asserts="0" />
          </test-suite>
          <test-suite type="TestFixture" id="0-1091" name="MarktoAnyShiptoFlatPriceTest" fullname="CBSAutomation.TestScripts.Estimate_Test_Cases.MarktoAnyShiptoFlatPriceTest" classname="CBSAutomation.TestScripts.Estimate_Test_Cases.MarktoAnyShiptoFlatPriceTest" runstate="Runnable" testcasecount="3" result="Failed" site="Child" start-time="2018-09-06 04:58:16Z" end-time="2018-09-06 05:00:46Z" duration="149.178912" total="3" passed="1" failed="2" warnings="0" inconclusive="0" skipped="0" asserts="3">
            <properties>
              <property name="Order" value="6" />
            </properties>
            <failure>
              <message><![CDATA[One or more child tests had errors]]></message>
            </failure>
            <test-case id="0-1092" name="MarktoAnyshiptoTest1" fullname="CBSAutomation.TestScripts.Estimate_Test_Cases.MarktoAnyShiptoFlatPriceTest.MarktoAnyshiptoTest1" methodname="MarktoAnyshiptoTest1" classname="CBSAutomation.TestScripts.Estimate_Test_Cases.MarktoAnyShiptoFlatPriceTest" runstate="Runnable" seed="187166691" result="Passed" start-time="2018-09-06 04:58:23Z" end-time="2018-09-06 04:58:36Z" duration="12.565503" asserts="0" />
            <test-case id="0-1093" name="MarktoAnyshiptoTest2" fullname="CBSAutomation.TestScripts.Estimate_Test_Cases.MarktoAnyShiptoFlatPriceTest.MarktoAnyshiptoTest2" methodname="MarktoAnyshiptoTest2" classname="CBSAutomation.TestScripts.Estimate_Test_Cases.MarktoAnyShiptoFlatPriceTest" runstate="Runnable" seed="599158173" result="Failed" label="Error" start-time="2018-09-06 04:58:36Z" end-time="2018-09-06 05:00:27Z" duration="110.966806" asserts="2">
              <failure>
                <message><![CDATA[OpenQA.Selenium.NoAlertPresentException : no such alert
  (Session info: chrome=68.0.3440.106)
  (Driver info: chromedriver=2.41.578737 (49da6702b16031c40d63e5618de03a32ff6c197e),platform=Windows NT 6.3.9600 x86_64)]]></message>
                <stack-trace><![CDATA[   at OpenQA.Selenium.Remote.RemoteWebDriver.UnpackAndThrowOnError(Response errorResponse)
   at OpenQA.Selenium.Remote.RemoteWebDriver.Execute(String driverCommandToExecute, Dictionary`2 parameters)
   at OpenQA.Selenium.Remote.RemoteTargetLocator.Alert()
   at CBSAutomation.Pages.SpecificationPage.CreateBussSpecWithoutApproveEst3(IWebDriver driver, ExtentTest test, String CostModel, String Qty, String Unitization) in E:\GitCBS\cti-pbs\DEV\NET4\SeleniumAutomation\CBSAutomation\CBSAutomation\Pages\SpecificationPage.cs:line 1145
   at CBSAutomation.TestScripts.Estimate_Test_Cases.MarktoAnyShiptoFlatPriceTest.MarktoAnyshiptoTest2() in E:\GitCBS\cti-pbs\DEV\NET4\SeleniumAutomation\CBSAutomation\CBSAutomation\TestScripts\Estimate Test Cases\MarktoAnyShiptoFlatPriceTest.cs:line 84]]></stack-trace>
              </failure>
            </test-case>
            <test-case id="0-1094" name="MarktoAnyshiptoTest3" fullname="CBSAutomation.TestScripts.Estimate_Test_Cases.MarktoAnyShiptoFlatPriceTest.MarktoAnyshiptoTest3" methodname="MarktoAnyshiptoTest3" classname="CBSAutomation.TestScripts.Estimate_Test_Cases.MarktoAnyShiptoFlatPriceTest" runstate="Runnable" seed="1186174718" result="Failed" label="Error" start-time="2018-09-06 05:00:27Z" end-time="2018-09-06 05:00:37Z" duration="9.890743" asserts="1">
              <failure>
                <message><![CDATA[OpenQA.Selenium.WebDriverTimeoutException : Timed out after 1E-06 seconds]]></message>
                <stack-trace><![CDATA[   at OpenQA.Selenium.Support.UI.DefaultWait`1.ThrowTimeoutException(String exceptionMessage, Exception lastException)
   at OpenQA.Selenium.Support.UI.DefaultWait`1.Until[TResult](Func`2 condition)
   at CBSAutomation.CommonFunctions.WaitAndClickDropDown(IWebDriver driver, By locator) in E:\GitCBS\cti-pbs\DEV\NET4\SeleniumAutomation\CBSAutomation\CBSAutomation\CommonFunctions.cs:line 75
   at CBSAutomation.Pages.CreateNewOrder.eneterNewOrderEntry(IWebDriver driver, ExtentTest test, String Qty, String OrdDueDate, String OrderSpecID) in E:\GitCBS\cti-pbs\DEV\NET4\SeleniumAutomation\CBSAutomation\CBSAutomation\Pages\CreateNewOrder.cs:line 55
   at CBSAutomation.TestScripts.Estimate_Test_Cases.MarktoAnyShiptoFlatPriceTest.MarktoAnyshiptoTest3() in E:\GitCBS\cti-pbs\DEV\NET4\SeleniumAutomation\CBSAutomation\CBSAutomation\TestScripts\Estimate Test Cases\MarktoAnyShiptoFlatPriceTest.cs:line 103]]></stack-trace>
              </failure>
            </test-case>
          </test-suite>
          <test-suite type="TestFixture" id="0-1079" name="MarktoAnyShiptoInvtMfgTest" fullname="CBSAutomation.TestScripts.Estimate_Test_Cases.MarktoAnyShiptoInvtMfgTest" classname="CBSAutomation.TestScripts.Estimate_Test_Cases.MarktoAnyShiptoInvtMfgTest" runstate="Runnable" testcasecount="3" result="Failed" site="Child" start-time="2018-09-06 05:00:46Z" end-time="2018-09-06 05:03:16Z" duration="150.004088" total="3" passed="1" failed="2" warnings="0" inconclusive="0" skipped="0" asserts="3">
            <properties>
              <property name="Order" value="7" />
            </properties>
            <failure>
              <message><![CDATA[One or more child tests had errors]]></message>
            </failure>
            <test-case id="0-1080" name="MarktoAnyShiptoInvtMfgTest1" fullname="CBSAutomation.TestScripts.Estimate_Test_Cases.MarktoAnyShiptoInvtMfgTest.MarktoAnyShiptoInvtMfgTest1" methodname="MarktoAnyShiptoInvtMfgTest1" classname="CBSAutomation.TestScripts.Estimate_Test_Cases.MarktoAnyShiptoInvtMfgTest" runstate="Runnable" seed="376199284" result="Passed" start-time="2018-09-06 05:00:53Z" end-time="2018-09-06 05:01:06Z" duration="12.587020" asserts="0" />
            <test-case id="0-1081" name="MarktoAnyShiptoInvtMfgTest2" fullname="CBSAutomation.TestScripts.Estimate_Test_Cases.MarktoAnyShiptoInvtMfgTest.MarktoAnyShiptoInvtMfgTest2" methodname="MarktoAnyShiptoInvtMfgTest2" classname="CBSAutomation.TestScripts.Estimate_Test_Cases.MarktoAnyShiptoInvtMfgTest" runstate="Runnable" seed="320553793" result="Failed" label="Error" start-time="2018-09-06 05:01:06Z" end-time="2018-09-06 05:02:57Z" duration="111.254448" asserts="2">
              <failure>
                <message><![CDATA[OpenQA.Selenium.NoAlertPresentException : no such alert
  (Session info: chrome=68.0.3440.106)
  (Driver info: chromedriver=2.41.578737 (49da6702b16031c40d63e5618de03a32ff6c197e),platform=Windows NT 6.3.9600 x86_64)]]></message>
                <stack-trace><![CDATA[   at OpenQA.Selenium.Remote.RemoteWebDriver.UnpackAndThrowOnError(Response errorResponse)
   at OpenQA.Selenium.Remote.RemoteWebDriver.Execute(String driverCommandToExecute, Dictionary`2 parameters)
   at OpenQA.Selenium.Remote.RemoteTargetLocator.Alert()
   at CBSAutomation.Pages.SpecificationPage.CreateBussSpecWithoutApproveEst3(IWebDriver driver, ExtentTest test, String CostModel, String Qty, String Unitization) in E:\GitCBS\cti-pbs\DEV\NET4\SeleniumAutomation\CBSAutomation\CBSAutomation\Pages\SpecificationPage.cs:line 1145
   at CBSAutomation.TestScripts.Estimate_Test_Cases.MarktoAnyShiptoInvtMfgTest.MarktoAnyShiptoInvtMfgTest2() in E:\GitCBS\cti-pbs\DEV\NET4\SeleniumAutomation\CBSAutomation\CBSAutomation\TestScripts\Estimate Test Cases\MarktoAnyShiptoInvtMfgTest.cs:line 82]]></stack-trace>
              </failure>
            </test-case>
            <test-case id="0-1082" name="MarktoAnyShiptoInvtMfgTest3" fullname="CBSAutomation.TestScripts.Estimate_Test_Cases.MarktoAnyShiptoInvtMfgTest.MarktoAnyShiptoInvtMfgTest3" methodname="MarktoAnyShiptoInvtMfgTest3" classname="CBSAutomation.TestScripts.Estimate_Test_Cases.MarktoAnyShiptoInvtMfgTest" runstate="Runnable" seed="1214246729" result="Failed" label="Error" start-time="2018-09-06 05:02:57Z" end-time="2018-09-06 05:03:07Z" duration="9.840134" asserts="1">
              <failure>
                <message><![CDATA[OpenQA.Selenium.WebDriverTimeoutException : Timed out after 1E-06 seconds]]></message>
                <stack-trace><![CDATA[   at OpenQA.Selenium.Support.UI.DefaultWait`1.ThrowTimeoutException(String exceptionMessage, Exception lastException)
   at OpenQA.Selenium.Support.UI.DefaultWait`1.Until[TResult](Func`2 condition)
   at CBSAutomation.CommonFunctions.WaitAndClickDropDown(IWebDriver driver, By locator) in E:\GitCBS\cti-pbs\DEV\NET4\SeleniumAutomation\CBSAutomation\CBSAutomation\CommonFunctions.cs:line 75
   at CBSAutomation.Pages.CreateNewOrder.eneterNewOrderEntry(IWebDriver driver, ExtentTest test, String Qty, String OrdDueDate, String OrderSpecID) in E:\GitCBS\cti-pbs\DEV\NET4\SeleniumAutomation\CBSAutomation\CBSAutomation\Pages\CreateNewOrder.cs:line 55
   at CBSAutomation.TestScripts.Estimate_Test_Cases.MarktoAnyShiptoInvtMfgTest.MarktoAnyShiptoInvtMfgTest3() in E:\GitCBS\cti-pbs\DEV\NET4\SeleniumAutomation\CBSAutomation\CBSAutomation\TestScripts\Estimate Test Cases\MarktoAnyShiptoInvtMfgTest.cs:line 101]]></stack-trace>
              </failure>
            </test-case>
          </test-suite>
          <test-suite type="TestFixture" id="0-1083" name="MarktoAnyShiptoTest" fullname="CBSAutomation.TestScripts.Estimate_Test_Cases.MarktoAnyShiptoTest" classname="CBSAutomation.TestScripts.Estimate_Test_Cases.MarktoAnyShiptoTest" runstate="Runnable" testcasecount="3" result="Failed" site="Child" start-time="2018-09-06 05:03:16Z" end-time="2018-09-06 05:05:51Z" duration="155.053077" total="3" passed="1" failed="2" warnings="0" inconclusive="0" skipped="0" asserts="6">
            <properties>
              <property name="Order" value="8" />
            </properties>
            <failure>
              <message><![CDATA[One or more child tests had errors]]></message>
            </failure>
            <test-case id="0-1084" name="MarktoAnyshiptoRangepriceTest1" fullname="CBSAutomation.TestScripts.Estimate_Test_Cases.MarktoAnyShiptoTest.MarktoAnyshiptoRangepriceTest1" methodname="MarktoAnyshiptoRangepriceTest1" classname="CBSAutomation.TestScripts.Estimate_Test_Cases.MarktoAnyShiptoTest" runstate="Runnable" seed="704411367" result="Passed" start-time="2018-09-06 05:03:23Z" end-time="2018-09-06 05:03:35Z" duration="12.605489" asserts="0" />
            <test-case id="0-1085" name="MarktoAnyshiptoRangepriceTest2" fullname="CBSAutomation.TestScripts.Estimate_Test_Cases.MarktoAnyShiptoTest.MarktoAnyshiptoRangepriceTest2" methodname="MarktoAnyshiptoRangepriceTest2" classname="CBSAutomation.TestScripts.Estimate_Test_Cases.MarktoAnyShiptoTest" runstate="Runnable" seed="1061203547" result="Failed" label="Error" start-time="2018-09-06 05:03:35Z" end-time="2018-09-06 05:05:33Z" duration="117.308150" asserts="5">
              <failure>
                <message><![CDATA[System.ArgumentOutOfRangeException : Index was out of range. Must be non-negative and less than the size of the collection.
Parameter name: index]]></message>
                <stack-trace><![CDATA[   at System.ThrowHelper.ThrowArgumentOutOfRangeException(ExceptionArgument argument, ExceptionResource resource)
   at System.Collections.Generic.List`1.get_Item(Int32 index)
   at CBSAutomation.Pages.SpecificationPage.CreateBusinessSpecificationwithPricingType(IWebDriver driver, ExtentTest test, String CostModel, String Qty, String Unitization) in E:\GitCBS\cti-pbs\DEV\NET4\SeleniumAutomation\CBSAutomation\CBSAutomation\Pages\SpecificationPage.cs:line 676
   at CBSAutomation.TestScripts.Estimate_Test_Cases.MarktoAnyShiptoTest.MarktoAnyshiptoRangepriceTest2() in E:\GitCBS\cti-pbs\DEV\NET4\SeleniumAutomation\CBSAutomation\CBSAutomation\TestScripts\Estimate Test Cases\MarktoAnyShiptoRangePriceTest.cs:line 82]]></stack-trace>
              </failure>
            </test-case>
            <test-case id="0-1086" name="MarktoAnyshiptoRangepriceTest3" fullname="CBSAutomation.TestScripts.Estimate_Test_Cases.MarktoAnyShiptoTest.MarktoAnyshiptoRangepriceTest3" methodname="MarktoAnyshiptoRangepriceTest3" classname="CBSAutomation.TestScripts.Estimate_Test_Cases.MarktoAnyShiptoTest" runstate="Runnable" seed="58136106" result="Failed" label="Error" start-time="2018-09-06 05:05:33Z" end-time="2018-09-06 05:05:42Z" duration="9.472925" asserts="1">
              <failure>
                <message><![CDATA[OpenQA.Selenium.WebDriverTimeoutException : Timed out after 1E-06 seconds]]></message>
                <stack-trace><![CDATA[   at OpenQA.Selenium.Support.UI.DefaultWait`1.ThrowTimeoutException(String exceptionMessage, Exception lastException)
   at OpenQA.Selenium.Support.UI.DefaultWait`1.Until[TResult](Func`2 condition)
   at CBSAutomation.CommonFunctions.WaitAndClickDropDown(IWebDriver driver, By locator) in E:\GitCBS\cti-pbs\DEV\NET4\SeleniumAutomation\CBSAutomation\CBSAutomation\CommonFunctions.cs:line 75
   at CBSAutomation.Pages.CreateNewOrder.eneterNewOrderEntry(IWebDriver driver, ExtentTest test, String Qty, String OrdDueDate, String OrderSpecID) in E:\GitCBS\cti-pbs\DEV\NET4\SeleniumAutomation\CBSAutomation\CBSAutomation\Pages\CreateNewOrder.cs:line 55
   at CBSAutomation.TestScripts.Estimate_Test_Cases.MarktoAnyShiptoTest.MarktoAnyshiptoRangepriceTest3() in E:\GitCBS\cti-pbs\DEV\NET4\SeleniumAutomation\CBSAutomation\CBSAutomation\TestScripts\Estimate Test Cases\MarktoAnyShiptoRangePriceTest.cs:line 102]]></stack-trace>
              </failure>
            </test-case>
          </test-suite>
          <test-suite type="TestFixture" id="0-1055" name="RewiseEstimateTest" fullname="CBSAutomation.TestScripts.Estimate_Test_Cases.RewiseEstimateTest" classname="CBSAutomation.TestScripts.Estimate_Test_Cases.RewiseEstimateTest" runstate="Runnable" testcasecount="7" result="Failed" label="Error" site="TearDown" start-time="2018-09-06 05:05:51Z" end-time="2018-09-06 05:49:43Z" duration="2632.182420" total="7" passed="3" failed="4" warnings="0" inconclusive="0" skipped="0" asserts="2">
            <properties>
              <property name="Order" value="9" />
            </properties>
            <failure>
              <message><![CDATA[One or more child tests had errors
TearDown : OpenQA.Selenium.WebDriverException : The HTTP request to the remote WebDriver server for URL http://localhost:57060/session/086fa9815f8a099e4325c2a8048f6cdb/window timed out after 500 seconds.
  ----> System.Net.WebException : The operation has timed out]]></message>
              <stack-trace><![CDATA[--TearDown
   at OpenQA.Selenium.Remote.HttpCommandExecutor.MakeHttpRequest(HttpRequestInfo requestInfo)
   at OpenQA.Selenium.Remote.HttpCommandExecutor.Execute(Command commandToExecute)
   at OpenQA.Selenium.Remote.DriverServiceCommandExecutor.Execute(Command commandToExecute)
   at OpenQA.Selenium.Remote.RemoteWebDriver.Execute(String driverCommandToExecute, Dictionary`2 parameters)
   at CBSAutomation.Driver.CloseBrowser() in E:\GitCBS\cti-pbs\DEV\NET4\SeleniumAutomation\CBSAutomation\CBSAutomation\Base Classes\Driver.cs:line 120
   at CBSAutomation.TestScripts.Estimate_Test_Cases.RewiseEstimateTest.BrowserLogout() in E:\GitCBS\cti-pbs\DEV\NET4\SeleniumAutomation\CBSAutomation\CBSAutomation\TestScripts\Estimate Test Cases\RewiseEstimateTest.cs:line 156
--WebException
   at System.Net.HttpWebRequest.GetResponse()
   at OpenQA.Selenium.Remote.HttpCommandExecutor.MakeHttpRequest(HttpRequestInfo requestInfo)]]></stack-trace>
            </failure>
            <test-case id="0-1056" name="RewiseEstimateTest1" fullname="CBSAutomation.TestScripts.Estimate_Test_Cases.RewiseEstimateTest.RewiseEstimateTest1" methodname="RewiseEstimateTest1" classname="CBSAutomation.TestScripts.Estimate_Test_Cases.RewiseEstimateTest" runstate="Runnable" seed="1401884990" result="Passed" start-time="2018-09-06 05:05:58Z" end-time="2018-09-06 05:06:11Z" duration="12.562966" asserts="0" />
            <test-case id="0-1057" name="RewiseEstimateTest2" fullname="CBSAutomation.TestScripts.Estimate_Test_Cases.RewiseEstimateTest.RewiseEstimateTest2" methodname="RewiseEstimateTest2" classname="CBSAutomation.TestScripts.Estimate_Test_Cases.RewiseEstimateTest" runstate="Runnable" seed="299343148" result="Passed" start-time="2018-09-06 05:06:11Z" end-time="2018-09-06 05:07:08Z" duration="56.884527" asserts="2" />
            <test-case id="0-1058" name="RewiseEstimateTest3" fullname="CBSAutomation.TestScripts.Estimate_Test_Cases.RewiseEstimateTest.RewiseEstimateTest3" methodname="RewiseEstimateTest3" classname="CBSAutomation.TestScripts.Estimate_Test_Cases.RewiseEstimateTest" runstate="Runnable" seed="1216195992" result="Passed" start-time="2018-09-06 05:07:08Z" end-time="2018-09-06 05:07:42Z" duration="33.790893" asserts="0" />
            <test-case id="0-1059" name="RewiseEstimateTest4" fullname="CBSAutomation.TestScripts.Estimate_Test_Cases.RewiseEstimateTest.RewiseEstimateTest4" methodname="RewiseEstimateTest4" classname="CBSAutomation.TestScripts.Estimate_Test_Cases.RewiseEstimateTest" runstate="Runnable" seed="1517709654" result="Failed" label="Error" start-time="2018-09-06 05:07:42Z" end-time="2018-09-06 05:07:52Z" duration="10.366518" asserts="0">
              <failure>
                <message><![CDATA[OpenQA.Selenium.WebDriverTimeoutException : Timed out after 1E-06 seconds]]></message>
                <stack-trace><![CDATA[   at OpenQA.Selenium.Support.UI.DefaultWait`1.ThrowTimeoutException(String exceptionMessage, Exception lastException)
   at OpenQA.Selenium.Support.UI.DefaultWait`1.Until[TResult](Func`2 condition)
   at CBSAutomation.CommonFunctions.WaitAndClickDropDown(IWebDriver driver, By locator) in E:\GitCBS\cti-pbs\DEV\NET4\SeleniumAutomation\CBSAutomation\CBSAutomation\CommonFunctions.cs:line 75
   at CBSAutomation.Pages.CreateNewOrder.eneterNewOrderEntry(IWebDriver driver, ExtentTest test, String Qty, String OrdDueDate, String OrderSpecID) in E:\GitCBS\cti-pbs\DEV\NET4\SeleniumAutomation\CBSAutomation\CBSAutomation\Pages\CreateNewOrder.cs:line 55
   at CBSAutomation.TestScripts.Estimate_Test_Cases.RewiseEstimateTest.RewiseEstimateTest4() in E:\GitCBS\cti-pbs\DEV\NET4\SeleniumAutomation\CBSAutomation\CBSAutomation\TestScripts\Estimate Test Cases\RewiseEstimateTest.cs:line 106]]></stack-trace>
              </failure>
            </test-case>
            <test-case id="0-1060" name="RewiseEstimateTest5" fullname="CBSAutomation.TestScripts.Estimate_Test_Cases.RewiseEstimateTest.RewiseEstimateTest5" methodname="RewiseEstimateTest5" classname="CBSAutomation.TestScripts.Estimate_Test_Cases.RewiseEstimateTest" runstate="Runnable" seed="419707708" result="Failed" label="Error" start-time="2018-09-06 05:07:52Z" end-time="2018-09-06 05:16:19Z" duration="506.791892" asserts="0">
              <failure>
                <message><![CDATA[OpenQA.Selenium.WebDriverException : The HTTP request to the remote WebDriver server for URL http://localhost:57060/session/086fa9815f8a099e4325c2a8048f6cdb/element timed out after 500 seconds.
  ----> System.Net.WebException : The operation has timed out]]></message>
                <stack-trace><![CDATA[   at OpenQA.Selenium.Remote.HttpCommandExecutor.MakeHttpRequest(HttpRequestInfo requestInfo)
   at OpenQA.Selenium.Remote.HttpCommandExecutor.Execute(Command commandToExecute)
   at OpenQA.Selenium.Remote.DriverServiceCommandExecutor.Execute(Command commandToExecute)
   at OpenQA.Selenium.Remote.RemoteWebDriver.Execute(String driverCommandToExecute, Dictionary`2 parameters)
   at OpenQA.Selenium.Remote.RemoteWebDriver.FindElement(String mechanism, String value)
   at CBSAutomation.Pages.SpecificationPage.RewiseEstimateForExsistingEstimate(IWebDriver driver, ExtentTest test, String filterSpecID) in E:\GitCBS\cti-pbs\DEV\NET4\SeleniumAutomation\CBSAutomation\CBSAutomation\Pages\SpecificationPage.cs:line 1200
   at CBSAutomation.TestScripts.Estimate_Test_Cases.RewiseEstimateTest.RewiseEstimateTest5() in E:\GitCBS\cti-pbs\DEV\NET4\SeleniumAutomation\CBSAutomation\CBSAutomation\TestScripts\Estimate Test Cases\RewiseEstimateTest.cs:line 116
--WebException
   at System.Net.HttpWebRequest.GetResponse()
   at OpenQA.Selenium.Remote.HttpCommandExecutor.MakeHttpRequest(HttpRequestInfo requestInfo)]]></stack-trace>
              </failure>
            </test-case>
            <test-case id="0-1061" name="RewiseEstimateTest6" fullname="CBSAutomation.TestScripts.Estimate_Test_Cases.RewiseEstimateTest.RewiseEstimateTest6" methodname="RewiseEstimateTest6" classname="CBSAutomation.TestScripts.Estimate_Test_Cases.RewiseEstimateTest" runstate="Runnable" seed="1962661833" result="Failed" label="Error" start-time="2018-09-06 05:16:19Z" end-time="2018-09-06 05:24:39Z" duration="500.023305" asserts="0">
              <failure>
                <message><![CDATA[OpenQA.Selenium.WebDriverException : The HTTP request to the remote WebDriver server for URL http://localhost:57060/session/086fa9815f8a099e4325c2a8048f6cdb/element timed out after 500 seconds.
  ----> System.Net.WebException : The operation has timed out]]></message>
                <stack-trace><![CDATA[   at OpenQA.Selenium.Remote.HttpCommandExecutor.MakeHttpRequest(HttpRequestInfo requestInfo)
   at OpenQA.Selenium.Remote.HttpCommandExecutor.Execute(Command commandToExecute)
   at OpenQA.Selenium.Remote.DriverServiceCommandExecutor.Execute(Command commandToExecute)
   at OpenQA.Selenium.Remote.RemoteWebDriver.Execute(String driverCommandToExecute, Dictionary`2 parameters)
   at OpenQA.Selenium.Remote.RemoteWebDriver.FindElement(String mechanism, String value)
   at CBSAutomation.Pages.SpecificationPage.CreateBusinessSpecificationReset(IWebDriver driver, ExtentTest test, String CostModel, String Qty, String Unitization) in E:\GitCBS\cti-pbs\DEV\NET4\SeleniumAutomation\CBSAutomation\CBSAutomation\Pages\SpecificationPage.cs:line 304
   at CBSAutomation.TestScripts.Estimate_Test_Cases.RewiseEstimateTest.RewiseEstimateTest6() in E:\GitCBS\cti-pbs\DEV\NET4\SeleniumAutomation\CBSAutomation\CBSAutomation\TestScripts\Estimate Test Cases\RewiseEstimateTest.cs:line 131
--WebException
   at System.Net.HttpWebRequest.GetResponse()
   at OpenQA.Selenium.Remote.HttpCommandExecutor.MakeHttpRequest(HttpRequestInfo requestInfo)]]></stack-trace>
              </failure>
            </test-case>
            <test-case id="0-1062" name="RewiseEstimateTest7" fullname="CBSAutomation.TestScripts.Estimate_Test_Cases.RewiseEstimateTest.RewiseEstimateTest7" methodname="RewiseEstimateTest7" classname="CBSAutomation.TestScripts.Estimate_Test_Cases.RewiseEstimateTest" runstate="Runnable" seed="307431947" result="Failed" label="Error" start-time="2018-09-06 05:24:39Z" end-time="2018-09-06 05:33:01Z" duration="502.061185" asserts="0">
              <failure>
                <message><![CDATA[OpenQA.Selenium.WebDriverException : The HTTP request to the remote WebDriver server for URL http://localhost:57060/session/086fa9815f8a099e4325c2a8048f6cdb/element timed out after 500 seconds.
  ----> System.Net.WebException : The operation has timed out]]></message>
                <stack-trace><![CDATA[   at OpenQA.Selenium.Remote.HttpCommandExecutor.MakeHttpRequest(HttpRequestInfo requestInfo)
   at OpenQA.Selenium.Remote.HttpCommandExecutor.Execute(Command commandToExecute)
   at OpenQA.Selenium.Remote.DriverServiceCommandExecutor.Execute(Command commandToExecute)
   at OpenQA.Selenium.Remote.RemoteWebDriver.Execute(String driverCommandToExecute, Dictionary`2 parameters)
   at OpenQA.Selenium.Remote.RemoteWebDriver.FindElement(String mechanism, String value)
   at CBSAutomation.Pages.CreateNewOrder.FilterOrder(IWebDriver driver, ExtentTest test, String filterorderid, String validateestimatecost) in E:\GitCBS\cti-pbs\DEV\NET4\SeleniumAutomation\CBSAutomation\CBSAutomation\Pages\CreateNewOrder.cs:line 116
   at CBSAutomation.TestScripts.Estimate_Test_Cases.RewiseEstimateTest.RewiseEstimateTest7() in E:\GitCBS\cti-pbs\DEV\NET4\SeleniumAutomation\CBSAutomation\CBSAutomation\TestScripts\Estimate Test Cases\RewiseEstimateTest.cs:line 140
--WebException
   at System.Net.HttpWebRequest.GetResponse()
   at OpenQA.Selenium.Remote.HttpCommandExecutor.MakeHttpRequest(HttpRequestInfo requestInfo)]]></stack-trace>
              </failure>
            </test-case>
          </test-suite>
          <test-suite type="TestFixture" id="0-1087" name="SameCustomervalidation" fullname="CBSAutomation.TestScripts.Estimate_Test_Cases.SameCustomervalidation" classname="CBSAutomation.TestScripts.Estimate_Test_Cases.SameCustomervalidation" runstate="Runnable" testcasecount="3" result="Failed" label="Error" site="TearDown" start-time="2018-09-06 05:49:43Z" end-time="2018-09-06 06:14:44Z" duration="1500.549977" total="3" passed="0" failed="3" warnings="0" inconclusive="0" skipped="0" asserts="0">
            <properties>
              <property name="Order" value="10" />
            </properties>
            <failure>
              <message><![CDATA[One or more child tests had errors
TearDown : OpenQA.Selenium.WebDriverException : no such session
  (Driver info: chromedriver=2.41.578737 (49da6702b16031c40d63e5618de03a32ff6c197e),platform=Windows NT 6.3.9600 x86_64)]]></message>
              <stack-trace><![CDATA[--TearDown
   at OpenQA.Selenium.Remote.RemoteWebDriver.UnpackAndThrowOnError(Response errorResponse)
   at OpenQA.Selenium.Remote.RemoteWebDriver.Execute(String driverCommandToExecute, Dictionary`2 parameters)
   at CBSAutomation.Driver.CloseBrowser() in E:\GitCBS\cti-pbs\DEV\NET4\SeleniumAutomation\CBSAutomation\CBSAutomation\Base Classes\Driver.cs:line 120
   at CBSAutomation.TestScripts.Estimate_Test_Cases.SameCustomervalidation.BrowserLogout() in E:\GitCBS\cti-pbs\DEV\NET4\SeleniumAutomation\CBSAutomation\CBSAutomation\TestScripts\Estimate Test Cases\SameCustomervalidation.cs:line 104]]></stack-trace>
            </failure>
            <test-case id="0-1088" name="CreateSameCustomerTest1" fullname="CBSAutomation.TestScripts.Estimate_Test_Cases.SameCustomervalidation.CreateSameCustomerTest1" methodname="CreateSameCustomerTest1" classname="CBSAutomation.TestScripts.Estimate_Test_Cases.SameCustomervalidation" runstate="Runnable" seed="1052403896" result="Failed" label="Error" start-time="2018-09-06 05:49:43Z" end-time="2018-09-06 05:58:07Z" duration="503.629695" asserts="0">
              <failure>
                <message><![CDATA[OpenQA.Selenium.WebDriverException : The HTTP request to the remote WebDriver server for URL http://localhost:57060/session/086fa9815f8a099e4325c2a8048f6cdb/element timed out after 500 seconds.
  ----> System.Net.WebException : The operation has timed out]]></message>
                <stack-trace><![CDATA[   at OpenQA.Selenium.Remote.HttpCommandExecutor.MakeHttpRequest(HttpRequestInfo requestInfo)
   at OpenQA.Selenium.Remote.HttpCommandExecutor.Execute(Command commandToExecute)
   at OpenQA.Selenium.Remote.DriverServiceCommandExecutor.Execute(Command commandToExecute)
   at OpenQA.Selenium.Remote.RemoteWebDriver.Execute(String driverCommandToExecute, Dictionary`2 parameters)
   at OpenQA.Selenium.Remote.RemoteWebDriver.FindElement(String mechanism, String value)
   at CBSAutomation.Pages.SpecificationPage.CreateProductSpecification(IWebDriver driver, ExtentTest test, String Spec_CustName, String Spec_ID, String Spec_prodStyle, String Spec_GLcode, String Spec_MaterialGrade, String Spec_Supplier) in E:\GitCBS\cti-pbs\DEV\NET4\SeleniumAutomation\CBSAutomation\CBSAutomation\Pages\SpecificationPage.cs:line 29
   at CBSAutomation.TestScripts.Estimate_Test_Cases.SameCustomervalidation.CreateSameCustomerTest1() in E:\GitCBS\cti-pbs\DEV\NET4\SeleniumAutomation\CBSAutomation\CBSAutomation\TestScripts\Estimate Test Cases\SameCustomervalidation.cs:line 58
--WebException
   at System.Net.HttpWebRequest.GetResponse()
   at OpenQA.Selenium.Remote.HttpCommandExecutor.MakeHttpRequest(HttpRequestInfo requestInfo)]]></stack-trace>
              </failure>
            </test-case>
            <test-case id="0-1089" name="CreateSameCustomerTest2" fullname="CBSAutomation.TestScripts.Estimate_Test_Cases.SameCustomervalidation.CreateSameCustomerTest2" methodname="CreateSameCustomerTest2" classname="CBSAutomation.TestScripts.Estimate_Test_Cases.SameCustomervalidation" runstate="Runnable" seed="1092682491" result="Failed" label="Error" start-time="2018-09-06 05:58:07Z" end-time="2018-09-06 06:06:27Z" duration="500.028730" asserts="0">
              <failure>
                <message><![CDATA[OpenQA.Selenium.WebDriverException : The HTTP request to the remote WebDriver server for URL http://localhost:57060/session/086fa9815f8a099e4325c2a8048f6cdb/element timed out after 500 seconds.
  ----> System.Net.WebException : The operation has timed out]]></message>
                <stack-trace><![CDATA[   at OpenQA.Selenium.Remote.HttpCommandExecutor.MakeHttpRequest(HttpRequestInfo requestInfo)
   at OpenQA.Selenium.Remote.HttpCommandExecutor.Execute(Command commandToExecute)
   at OpenQA.Selenium.Remote.DriverServiceCommandExecutor.Execute(Command commandToExecute)
   at OpenQA.Selenium.Remote.RemoteWebDriver.Execute(String driverCommandToExecute, Dictionary`2 parameters)
   at OpenQA.Selenium.Remote.RemoteWebDriver.FindElement(String mechanism, String value)
   at CBSAutomation.Pages.SpecificationPage.CreateProductSpecificationsimple(IWebDriver driver, ExtentTest test, String Spec_Length, String Spec_Width, String Spec_Depth) in E:\GitCBS\cti-pbs\DEV\NET4\SeleniumAutomation\CBSAutomation\CBSAutomation\Pages\SpecificationPage.cs:line 61
   at CBSAutomation.TestScripts.Estimate_Test_Cases.SameCustomervalidation.CreateSameCustomerTest2() in E:\GitCBS\cti-pbs\DEV\NET4\SeleniumAutomation\CBSAutomation\CBSAutomation\TestScripts\Estimate Test Cases\SameCustomervalidation.cs:line 69
--WebException
   at System.Net.HttpWebRequest.GetResponse()
   at OpenQA.Selenium.Remote.HttpCommandExecutor.MakeHttpRequest(HttpRequestInfo requestInfo)]]></stack-trace>
              </failure>
            </test-case>
            <test-case id="0-1090" name="CreateSameCustomerTest3" fullname="CBSAutomation.TestScripts.Estimate_Test_Cases.SameCustomervalidation.CreateSameCustomerTest3" methodname="CreateSameCustomerTest3" classname="CBSAutomation.TestScripts.Estimate_Test_Cases.SameCustomervalidation" runstate="Runnable" seed="627634700" result="Failed" label="Error" start-time="2018-09-06 06:06:27Z" end-time="2018-09-06 06:14:42Z" duration="494.885783" asserts="0">
              <failure>
                <message><![CDATA[OpenQA.Selenium.WebDriverException : no such session
  (Driver info: chromedriver=2.41.578737 (49da6702b16031c40d63e5618de03a32ff6c197e),platform=Windows NT 6.3.9600 x86_64)]]></message>
                <stack-trace><![CDATA[   at OpenQA.Selenium.Remote.RemoteWebDriver.UnpackAndThrowOnError(Response errorResponse)
   at OpenQA.Selenium.Remote.RemoteWebDriver.Execute(String driverCommandToExecute, Dictionary`2 parameters)
   at OpenQA.Selenium.Remote.RemoteWebDriver.FindElement(String mechanism, String value)
   at CBSAutomation.Pages.SpecificationPage.CreateBusinessSpecificationReset(IWebDriver driver, ExtentTest test, String CostModel, String Qty, String Unitization) in E:\GitCBS\cti-pbs\DEV\NET4\SeleniumAutomation\CBSAutomation\CBSAutomation\Pages\SpecificationPage.cs:line 304
   at CBSAutomation.TestScripts.Estimate_Test_Cases.SameCustomervalidation.CreateSameCustomerTest3() in E:\GitCBS\cti-pbs\DEV\NET4\SeleniumAutomation\CBSAutomation\CBSAutomation\TestScripts\Estimate Test Cases\SameCustomervalidation.cs:line 85]]></stack-trace>
              </failure>
            </test-case>
          </test-suite>
          <test-suite type="TestFixture" id="0-1045" name="HSCAssemblyPart1Spec" fullname="CBSAutomation.TestScripts.Estimate_Test_Cases.HSCAssemblyPart1Spec" classname="CBSAutomation.TestScripts.Estimate_Test_Cases.HSCAssemblyPart1Spec" runstate="Runnable" testcasecount="3" result="Failed" label="Error" site="TearDown" start-time="2018-09-06 06:14:44Z" end-time="2018-09-06 06:14:52Z" duration="8.569857" total="3" passed="0" failed="3" warnings="0" inconclusive="0" skipped="0" asserts="0">
            <properties>
              <property name="Order" value="11" />
            </properties>
            <failure>
              <message><![CDATA[One or more child tests had errors
TearDown : OpenQA.Selenium.WebDriverException : no such session
  (Driver info: chromedriver=2.41.578737 (49da6702b16031c40d63e5618de03a32ff6c197e),platform=Windows NT 6.3.9600 x86_64)]]></message>
              <stack-trace><![CDATA[--TearDown
   at OpenQA.Selenium.Remote.RemoteWebDriver.UnpackAndThrowOnError(Response errorResponse)
   at OpenQA.Selenium.Remote.RemoteWebDriver.Execute(String driverCommandToExecute, Dictionary`2 parameters)
   at CBSAutomation.Driver.CloseBrowser() in E:\GitCBS\cti-pbs\DEV\NET4\SeleniumAutomation\CBSAutomation\CBSAutomation\Base Classes\Driver.cs:line 120
   at CBSAutomation.TestScripts.Estimate_Test_Cases.HSCAssemblyPart1Spec.BrowserLogout() in E:\GitCBS\cti-pbs\DEV\NET4\SeleniumAutomation\CBSAutomation\CBSAutomation\TestScripts\Estimate Test Cases\HSCAssemblyPart1Spec.cs:line 105]]></stack-trace>
            </failure>
            <test-case id="0-1046" name="CreateHSCspecTest1" fullname="CBSAutomation.TestScripts.Estimate_Test_Cases.HSCAssemblyPart1Spec.CreateHSCspecTest1" methodname="CreateHSCspecTest1" classname="CBSAutomation.TestScripts.Estimate_Test_Cases.HSCAssemblyPart1Spec" runstate="Runnable" seed="411892374" result="Failed" label="Error" start-time="2018-09-06 06:14:44Z" end-time="2018-09-06 06:14:47Z" duration="3.541784" asserts="0">
              <failure>
                <message><![CDATA[OpenQA.Selenium.WebDriverException : no such session
  (Driver info: chromedriver=2.41.578737 (49da6702b16031c40d63e5618de03a32ff6c197e),platform=Windows NT 6.3.9600 x86_64)]]></message>
                <stack-trace><![CDATA[   at OpenQA.Selenium.Remote.RemoteWebDriver.UnpackAndThrowOnError(Response errorResponse)
   at OpenQA.Selenium.Remote.RemoteWebDriver.Execute(String driverCommandToExecute, Dictionary`2 parameters)
   at OpenQA.Selenium.Remote.RemoteWebDriver.FindElement(String mechanism, String value)
   at CBSAutomation.Pages.SpecificationPage.CreateProductSpecification(IWebDriver driver, ExtentTest test, String Spec_CustName, String Spec_ID, String Spec_prodStyle, String Spec_GLcode, String Spec_MaterialGrade, String Spec_Supplier) in E:\GitCBS\cti-pbs\DEV\NET4\SeleniumAutomation\CBSAutomation\CBSAutomation\Pages\SpecificationPage.cs:line 29
   at CBSAutomation.TestScripts.Estimate_Test_Cases.HSCAssemblyPart1Spec.CreateHSCspecTest1() in E:\GitCBS\cti-pbs\DEV\NET4\SeleniumAutomation\CBSAutomation\CBSAutomation\TestScripts\Estimate Test Cases\HSCAssemblyPart1Spec.cs:line 58]]></stack-trace>
              </failure>
            </test-case>
            <test-case id="0-1047" name="CreateHSCspecTest2" fullname="CBSAutomation.TestScripts.Estimate_Test_Cases.HSCAssemblyPart1Spec.CreateHSCspecTest2" methodname="CreateHSCspecTest2" classname="CBSAutomation.TestScripts.Estimate_Test_Cases.HSCAssemblyPart1Spec" runstate="Runnable" seed="1799222406" result="Failed" label="Error" start-time="2018-09-06 06:14:47Z" end-time="2018-09-06 06:14:47Z" duration="0.003489" asserts="0">
              <failure>
                <message><![CDATA[OpenQA.Selenium.WebDriverException : no such session
  (Driver info: chromedriver=2.41.578737 (49da6702b16031c40d63e5618de03a32ff6c197e),platform=Windows NT 6.3.9600 x86_64)]]></message>
                <stack-trace><![CDATA[   at OpenQA.Selenium.Remote.RemoteWebDriver.UnpackAndThrowOnError(Response errorResponse)
   at OpenQA.Selenium.Remote.RemoteWebDriver.Execute(String driverCommandToExecute, Dictionary`2 parameters)
   at OpenQA.Selenium.Remote.RemoteWebDriver.FindElement(String mechanism, String value)
   at CBSAutomation.Pages.SpecificationPage.CreateHSCProduct(IWebDriver driver, ExtentTest test, String Spec_Length, String Spec_Width, String Spec_Depth, String SpecMaterial, String PartialDieToolID) in E:\GitCBS\cti-pbs\DEV\NET4\SeleniumAutomation\CBSAutomation\CBSAutomation\Pages\SpecificationPage.cs:line 1331
   at CBSAutomation.TestScripts.Estimate_Test_Cases.HSCAssemblyPart1Spec.CreateHSCspecTest2() in E:\GitCBS\cti-pbs\DEV\NET4\SeleniumAutomation\CBSAutomation\CBSAutomation\TestScripts\Estimate Test Cases\HSCAssemblyPart1Spec.cs:line 71]]></stack-trace>
              </failure>
            </test-case>
            <test-case id="0-1048" name="CreateHSCspecTest3" fullname="CBSAutomation.TestScripts.Estimate_Test_Cases.HSCAssemblyPart1Spec.CreateHSCspecTest3" methodname="CreateHSCspecTest3" classname="CBSAutomation.TestScripts.Estimate_Test_Cases.HSCAssemblyPart1Spec" runstate="Runnable" seed="1086414387" result="Failed" label="Error" start-time="2018-09-06 06:14:47Z" end-time="2018-09-06 06:14:50Z" duration="3.003483" asserts="0">
              <failure>
                <message><![CDATA[OpenQA.Selenium.WebDriverException : no such session
  (Driver info: chromedriver=2.41.578737 (49da6702b16031c40d63e5618de03a32ff6c197e),platform=Windows NT 6.3.9600 x86_64)]]></message>
                <stack-trace><![CDATA[   at OpenQA.Selenium.Remote.RemoteWebDriver.UnpackAndThrowOnError(Response errorResponse)
   at OpenQA.Selenium.Remote.RemoteWebDriver.Execute(String driverCommandToExecute, Dictionary`2 parameters)
   at OpenQA.Selenium.Remote.RemoteWebDriver.FindElement(String mechanism, String value)
   at CBSAutomation.Pages.SpecificationPage.CreateBusinessSpecificationReset(IWebDriver driver, ExtentTest test, String CostModel, String Qty, String Unitization) in E:\GitCBS\cti-pbs\DEV\NET4\SeleniumAutomation\CBSAutomation\CBSAutomation\Pages\SpecificationPage.cs:line 304
   at CBSAutomation.TestScripts.Estimate_Test_Cases.HSCAssemblyPart1Spec.CreateHSCspecTest3() in E:\GitCBS\cti-pbs\DEV\NET4\SeleniumAutomation\CBSAutomation\CBSAutomation\TestScripts\Estimate Test Cases\HSCAssemblyPart1Spec.cs:line 87]]></stack-trace>
              </failure>
            </test-case>
          </test-suite>
          <test-suite type="TestFixture" id="0-1041" name="PadAssemblyPart2Spec" fullname="CBSAutomation.TestScripts.Estimate_Test_Cases.PadAssemblyPart2Spec" classname="CBSAutomation.TestScripts.Estimate_Test_Cases.PadAssemblyPart2Spec" runstate="Runnable" testcasecount="3" result="Failed" label="Error" site="TearDown" start-time="2018-09-06 06:14:52Z" end-time="2018-09-06 06:15:01Z" duration="8.497652" total="3" passed="0" failed="3" warnings="0" inconclusive="0" skipped="0" asserts="0">
            <properties>
              <property name="Order" value="12" />
            </properties>
            <failure>
              <message><![CDATA[One or more child tests had errors
TearDown : OpenQA.Selenium.WebDriverException : no such session
  (Driver info: chromedriver=2.41.578737 (49da6702b16031c40d63e5618de03a32ff6c197e),platform=Windows NT 6.3.9600 x86_64)]]></message>
              <stack-trace><![CDATA[--TearDown
   at OpenQA.Selenium.Remote.RemoteWebDriver.UnpackAndThrowOnError(Response errorResponse)
   at OpenQA.Selenium.Remote.RemoteWebDriver.Execute(String driverCommandToExecute, Dictionary`2 parameters)
   at CBSAutomation.Driver.CloseBrowser() in E:\GitCBS\cti-pbs\DEV\NET4\SeleniumAutomation\CBSAutomation\CBSAutomation\Base Classes\Driver.cs:line 120
   at CBSAutomation.TestScripts.Estimate_Test_Cases.PadAssemblyPart2Spec.BrowserLogout() in E:\GitCBS\cti-pbs\DEV\NET4\SeleniumAutomation\CBSAutomation\CBSAutomation\TestScripts\Estimate Test Cases\PadAssemblyPart2Spec.cs:line 106]]></stack-trace>
            </failure>
            <test-case id="0-1042" name="CreatePadproductEstimateTest1" fullname="CBSAutomation.TestScripts.Estimate_Test_Cases.PadAssemblyPart2Spec.CreatePadproductEstimateTest1" methodname="CreatePadproductEstimateTest1" classname="CBSAutomation.TestScripts.Estimate_Test_Cases.PadAssemblyPart2Spec" runstate="Runnable" seed="95763582" result="Failed" label="Error" start-time="2018-09-06 06:14:52Z" end-time="2018-09-06 06:14:56Z" duration="3.479198" asserts="0">
              <failure>
                <message><![CDATA[OpenQA.Selenium.WebDriverException : no such session
  (Driver info: chromedriver=2.41.578737 (49da6702b16031c40d63e5618de03a32ff6c197e),platform=Windows NT 6.3.9600 x86_64)]]></message>
                <stack-trace><![CDATA[   at OpenQA.Selenium.Remote.RemoteWebDriver.UnpackAndThrowOnError(Response errorResponse)
   at OpenQA.Selenium.Remote.RemoteWebDriver.Execute(String driverCommandToExecute, Dictionary`2 parameters)
   at OpenQA.Selenium.Remote.RemoteWebDriver.FindElement(String mechanism, String value)
   at CBSAutomation.Pages.SpecificationPage.CreateProductSpecification(IWebDriver driver, ExtentTest test, String Spec_CustName, String Spec_ID, String Spec_prodStyle, String Spec_GLcode, String Spec_MaterialGrade, String Spec_Supplier) in E:\GitCBS\cti-pbs\DEV\NET4\SeleniumAutomation\CBSAutomation\CBSAutomation\Pages\SpecificationPage.cs:line 29
   at CBSAutomation.TestScripts.Estimate_Test_Cases.PadAssemblyPart2Spec.CreatePadproductEstimateTest1() in E:\GitCBS\cti-pbs\DEV\NET4\SeleniumAutomation\CBSAutomation\CBSAutomation\TestScripts\Estimate Test Cases\PadAssemblyPart2Spec.cs:line 59]]></stack-trace>
              </failure>
            </test-case>
            <test-case id="0-1043" name="CreatePadproductEstimateTest2" fullname="CBSAutomation.TestScripts.Estimate_Test_Cases.PadAssemblyPart2Spec.CreatePadproductEstimateTest2" methodname="CreatePadproductEstimateTest2" classname="CBSAutomation.TestScripts.Estimate_Test_Cases.PadAssemblyPart2Spec" runstate="Runnable" seed="676671243" result="Failed" label="Error" start-time="2018-09-06 06:14:56Z" end-time="2018-09-06 06:14:56Z" duration="0.002099" asserts="0">
              <failure>
                <message><![CDATA[OpenQA.Selenium.WebDriverException : no such session
  (Driver info: chromedriver=2.41.578737 (49da6702b16031c40d63e5618de03a32ff6c197e),platform=Windows NT 6.3.9600 x86_64)]]></message>
                <stack-trace><![CDATA[   at OpenQA.Selenium.Remote.RemoteWebDriver.UnpackAndThrowOnError(Response errorResponse)
   at OpenQA.Selenium.Remote.RemoteWebDriver.Execute(String driverCommandToExecute, Dictionary`2 parameters)
   at OpenQA.Selenium.Remote.RemoteWebDriver.FindElement(String mechanism, String value)
   at CBSAutomation.Pages.SpecificationPage.CreateProductSpecificationsimple(IWebDriver driver, ExtentTest test, String Spec_Length, String Spec_Width, String Spec_Depth) in E:\GitCBS\cti-pbs\DEV\NET4\SeleniumAutomation\CBSAutomation\CBSAutomation\Pages\SpecificationPage.cs:line 61
   at CBSAutomation.TestScripts.Estimate_Test_Cases.PadAssemblyPart2Spec.CreatePadproductEstimateTest2() in E:\GitCBS\cti-pbs\DEV\NET4\SeleniumAutomation\CBSAutomation\CBSAutomation\TestScripts\Estimate Test Cases\PadAssemblyPart2Spec.cs:line 70]]></stack-trace>
              </failure>
            </test-case>
            <test-case id="0-1044" name="CreatePadproductEstimateTest3" fullname="CBSAutomation.TestScripts.Estimate_Test_Cases.PadAssemblyPart2Spec.CreatePadproductEstimateTest3" methodname="CreatePadproductEstimateTest3" classname="CBSAutomation.TestScripts.Estimate_Test_Cases.PadAssemblyPart2Spec" runstate="Runnable" seed="1744299872" result="Failed" label="Error" start-time="2018-09-06 06:14:56Z" end-time="2018-09-06 06:14:59Z" duration="3.004099" asserts="0">
              <failure>
                <message><![CDATA[OpenQA.Selenium.WebDriverException : no such session
  (Driver info: chromedriver=2.41.578737 (49da6702b16031c40d63e5618de03a32ff6c197e),platform=Windows NT 6.3.9600 x86_64)]]></message>
                <stack-trace><![CDATA[   at OpenQA.Selenium.Remote.RemoteWebDriver.UnpackAndThrowOnError(Response errorResponse)
   at OpenQA.Selenium.Remote.RemoteWebDriver.Execute(String driverCommandToExecute, Dictionary`2 parameters)
   at OpenQA.Selenium.Remote.RemoteWebDriver.FindElement(String mechanism, String value)
   at CBSAutomation.Pages.SpecificationPage.CreateBusinessSpecificationReset(IWebDriver driver, ExtentTest test, String CostModel, String Qty, String Unitization) in E:\GitCBS\cti-pbs\DEV\NET4\SeleniumAutomation\CBSAutomation\CBSAutomation\Pages\SpecificationPage.cs:line 304
   at CBSAutomation.TestScripts.Estimate_Test_Cases.PadAssemblyPart2Spec.CreatePadproductEstimateTest3() in E:\GitCBS\cti-pbs\DEV\NET4\SeleniumAutomation\CBSAutomation\CBSAutomation\TestScripts\Estimate Test Cases\PadAssemblyPart2Spec.cs:line 86]]></stack-trace>
              </failure>
            </test-case>
          </test-suite>
          <test-suite type="TestFixture" id="0-1038" name="AssmbledSetsTest" fullname="CBSAutomation.TestScripts.Estimate_Test_Cases.AssmbledSetsTest" classname="CBSAutomation.TestScripts.Estimate_Test_Cases.AssmbledSetsTest" runstate="Runnable" testcasecount="2" result="Failed" label="Error" site="TearDown" start-time="2018-09-06 06:15:01Z" end-time="2018-09-06 06:15:09Z" duration="8.519331" total="2" passed="0" failed="2" warnings="0" inconclusive="0" skipped="0" asserts="0">
            <properties>
              <property name="Order" value="13" />
            </properties>
            <failure>
              <message><![CDATA[One or more child tests had errors
TearDown : OpenQA.Selenium.WebDriverException : no such session
  (Driver info: chromedriver=2.41.578737 (49da6702b16031c40d63e5618de03a32ff6c197e),platform=Windows NT 6.3.9600 x86_64)]]></message>
              <stack-trace><![CDATA[--TearDown
   at OpenQA.Selenium.Remote.RemoteWebDriver.UnpackAndThrowOnError(Response errorResponse)
   at OpenQA.Selenium.Remote.RemoteWebDriver.Execute(String driverCommandToExecute, Dictionary`2 parameters)
   at CBSAutomation.Driver.CloseBrowser() in E:\GitCBS\cti-pbs\DEV\NET4\SeleniumAutomation\CBSAutomation\CBSAutomation\Base Classes\Driver.cs:line 120
   at CBSAutomation.TestScripts.Estimate_Test_Cases.AssmbledSetsTest.BrowserLogout() in E:\GitCBS\cti-pbs\DEV\NET4\SeleniumAutomation\CBSAutomation\CBSAutomation\TestScripts\Estimate Test Cases\AssmbledSetsTest.cs:line 98]]></stack-trace>
            </failure>
            <test-case id="0-1039" name="CreateAssembledEstimateTest1" fullname="CBSAutomation.TestScripts.Estimate_Test_Cases.AssmbledSetsTest.CreateAssembledEstimateTest1" methodname="CreateAssembledEstimateTest1" classname="CBSAutomation.TestScripts.Estimate_Test_Cases.AssmbledSetsTest" runstate="Runnable" seed="2055871287" result="Failed" label="Error" start-time="2018-09-06 06:15:01Z" end-time="2018-09-06 06:15:04Z" duration="3.505809" asserts="0">
              <failure>
                <message><![CDATA[OpenQA.Selenium.WebDriverException : no such session
  (Driver info: chromedriver=2.41.578737 (49da6702b16031c40d63e5618de03a32ff6c197e),platform=Windows NT 6.3.9600 x86_64)]]></message>
                <stack-trace><![CDATA[   at OpenQA.Selenium.Remote.RemoteWebDriver.UnpackAndThrowOnError(Response errorResponse)
   at OpenQA.Selenium.Remote.RemoteWebDriver.Execute(String driverCommandToExecute, Dictionary`2 parameters)
   at OpenQA.Selenium.Remote.RemoteWebDriver.FindElement(String mechanism, String value)
   at CBSAutomation.Pages.SpecificationPage.CreateAssemledProductSpecification(IWebDriver driver, ExtentTest test, String Spec_CustName, String Spec_ID, String Spec_prodStyle, String Spec_GLcode, String Spec_MaterialGrade, String Spec_Supplier, String Child1SpecID, String Child2SpecID) in E:\GitCBS\cti-pbs\DEV\NET4\SeleniumAutomation\CBSAutomation\CBSAutomation\Pages\SpecificationPage.cs:line 1395
   at CBSAutomation.TestScripts.Estimate_Test_Cases.AssmbledSetsTest.CreateAssembledEstimateTest1() in E:\GitCBS\cti-pbs\DEV\NET4\SeleniumAutomation\CBSAutomation\CBSAutomation\TestScripts\Estimate Test Cases\AssmbledSetsTest.cs:line 61]]></stack-trace>
              </failure>
            </test-case>
            <test-case id="0-1040" name="CreateAssembledEstimateTest2" fullname="CBSAutomation.TestScripts.Estimate_Test_Cases.AssmbledSetsTest.CreateAssembledEstimateTest2" methodname="CreateAssembledEstimateTest2" classname="CBSAutomation.TestScripts.Estimate_Test_Cases.AssmbledSetsTest" runstate="Runnable" seed="303009970" result="Failed" label="Error" start-time="2018-09-06 06:15:04Z" end-time="2018-09-06 06:15:07Z" duration="3.007233" asserts="0">
              <failure>
                <message><![CDATA[OpenQA.Selenium.WebDriverException : no such session
  (Driver info: chromedriver=2.41.578737 (49da6702b16031c40d63e5618de03a32ff6c197e),platform=Windows NT 6.3.9600 x86_64)]]></message>
                <stack-trace><![CDATA[   at OpenQA.Selenium.Remote.RemoteWebDriver.UnpackAndThrowOnError(Response errorResponse)
   at OpenQA.Selenium.Remote.RemoteWebDriver.Execute(String driverCommandToExecute, Dictionary`2 parameters)
   at OpenQA.Selenium.Remote.RemoteWebDriver.FindElement(String mechanism, String value)
   at CBSAutomation.Pages.SpecificationPage.CreateAssemblyBusinessSpecificationReset(IWebDriver driver, ExtentTest test, String CostModel, String Qty, String Unitization) in E:\GitCBS\cti-pbs\DEV\NET4\SeleniumAutomation\CBSAutomation\CBSAutomation\Pages\SpecificationPage.cs:line 1460
   at CBSAutomation.TestScripts.Estimate_Test_Cases.AssmbledSetsTest.CreateAssembledEstimateTest2() in E:\GitCBS\cti-pbs\DEV\NET4\SeleniumAutomation\CBSAutomation\CBSAutomation\TestScripts\Estimate Test Cases\AssmbledSetsTest.cs:line 78]]></stack-trace>
              </failure>
            </test-case>
          </test-suite>
          <test-suite type="TestFixture" id="0-1095" name="OrderCreation" fullname="CBSAutomation.TestScripts.Estimate_Test_Cases.OrderCreation" classname="CBSAutomation.TestScripts.Estimate_Test_Cases.OrderCreation" runstate="Runnable" testcasecount="1" result="Failed" label="Error" site="TearDown" start-time="2018-09-06 06:15:09Z" end-time="2018-09-06 06:15:11Z" duration="2.009561" total="1" passed="0" failed="1" warnings="0" inconclusive="0" skipped="0" asserts="0">
            <failure>
              <message><![CDATA[One or more child tests had errors
TearDown : OpenQA.Selenium.WebDriverException : no such session
  (Driver info: chromedriver=2.41.578737 (49da6702b16031c40d63e5618de03a32ff6c197e),platform=Windows NT 6.3.9600 x86_64)]]></message>
              <stack-trace><![CDATA[--TearDown
   at OpenQA.Selenium.Remote.RemoteWebDriver.UnpackAndThrowOnError(Response errorResponse)
   at OpenQA.Selenium.Remote.RemoteWebDriver.Execute(String driverCommandToExecute, Dictionary`2 parameters)
   at CBSAutomation.Driver.CloseBrowser() in E:\GitCBS\cti-pbs\DEV\NET4\SeleniumAutomation\CBSAutomation\CBSAutomation\Base Classes\Driver.cs:line 120
   at CBSAutomation.TestScripts.Estimate_Test_Cases.OrderCreation.BrowserLogout() in E:\GitCBS\cti-pbs\DEV\NET4\SeleniumAutomation\CBSAutomation\CBSAutomation\TestScripts\Estimate Test Cases\OrderCreation.cs:line 72]]></stack-trace>
            </failure>
            <test-case id="0-1096" name="CreateOneOrderLineTest" fullname="CBSAutomation.TestScripts.Estimate_Test_Cases.OrderCreation.CreateOneOrderLineTest" methodname="CreateOneOrderLineTest" classname="CBSAutomation.TestScripts.Estimate_Test_Cases.OrderCreation" runstate="Runnable" seed="2129521032" result="Failed" label="Error" start-time="2018-09-06 06:15:09Z" end-time="2018-09-06 06:15:09Z" duration="0.002612" asserts="0">
              <failure>
                <message><![CDATA[OpenQA.Selenium.WebDriverException : no such session
  (Driver info: chromedriver=2.41.578737 (49da6702b16031c40d63e5618de03a32ff6c197e),platform=Windows NT 6.3.9600 x86_64)]]></message>
                <stack-trace><![CDATA[   at OpenQA.Selenium.Remote.RemoteWebDriver.UnpackAndThrowOnError(Response errorResponse)
   at OpenQA.Selenium.Remote.RemoteWebDriver.Execute(String driverCommandToExecute, Dictionary`2 parameters)
   at OpenQA.Selenium.Remote.RemoteWebDriver.FindElement(String mechanism, String value)
   at CBSAutomation.Pages.CreateNewOrder.CreateNewOrderEntry(IWebDriver driver, ExtentTest test, String CustomerName, String POnumber, String ShipToAdd) in E:\GitCBS\cti-pbs\DEV\NET4\SeleniumAutomation\CBSAutomation\CBSAutomation\Pages\CreateNewOrder.cs:line 26
   at CBSAutomation.TestScripts.Estimate_Test_Cases.OrderCreation.CreateOneOrderLineTest() in E:\GitCBS\cti-pbs\DEV\NET4\SeleniumAutomation\CBSAutomation\CBSAutomation\TestScripts\Estimate Test Cases\OrderCreation.cs:line 43]]></stack-trace>
              </failure>
            </test-case>
          </test-suite>
        </test-suite>
      </test-suite>
    </test-suite>
  </test-suite>
</test-run>